<?xml version="1.0" encoding="UTF-8"?>
<coverage generated="1776620189985" clover="3.2.0">
  <project timestamp="1776620189985" name="All files">
    <metrics statements="475" coveredstatements="475" conditionals="154" coveredconditionals="117" methods="30" coveredmethods="30" elements="659" coveredelements="622" complexity="0" loc="475" ncloc="475" packages="1" files="5" classes="5"/>
    <file name="ansi.ts" path="E:\Projects\React\skimd\src\markdown\ansi.ts">
      <metrics statements="35" coveredstatements="35" conditionals="10" coveredconditionals="10" methods="2" coveredmethods="2"/>
      <line num="1" count="1" type="stmt"/>
      <line num="2" count="1" type="stmt"/>
      <line num="3" count="1" type="stmt"/>
      <line num="4" count="1" type="stmt"/>
      <line num="5" count="1" type="stmt"/>
      <line num="6" count="1" type="stmt"/>
      <line num="7" count="1" type="stmt"/>
      <line num="8" count="1" type="stmt"/>
      <line num="9" count="1" type="stmt"/>
      <line num="10" count="1" type="stmt"/>
      <line num="11" count="1" type="stmt"/>
      <line num="12" count="1" type="stmt"/>
      <line num="13" count="1" type="stmt"/>
      <line num="14" count="1" type="stmt"/>
      <line num="15" count="1" type="stmt"/>
      <line num="16" count="1" type="stmt"/>
      <line num="17" count="1" type="stmt"/>
      <line num="18" count="1" type="stmt"/>
      <line num="19" count="1" type="stmt"/>
      <line num="20" count="1" type="cond" truecount="1" falsecount="0"/>
      <line num="21" count="66" type="stmt"/>
      <line num="22" count="66" type="cond" truecount="1" falsecount="0"/>
      <line num="23" count="66" type="cond" truecount="1" falsecount="0"/>
      <line num="24" count="66" type="cond" truecount="1" falsecount="0"/>
      <line num="25" count="66" type="cond" truecount="1" falsecount="0"/>
      <line num="26" count="66" type="cond" truecount="1" falsecount="0"/>
      <line num="27" count="66" type="cond" truecount="1" falsecount="0"/>
      <line num="28" count="66" type="cond" truecount="2" falsecount="0"/>
      <line num="29" count="65" type="stmt"/>
      <line num="30" count="65" type="stmt"/>
      <line num="31" count="1" type="stmt"/>
      <line num="32" count="1" type="stmt"/>
      <line num="33" count="1" type="cond" truecount="1" falsecount="0"/>
      <line num="34" count="55" type="stmt"/>
      <line num="35" count="55" type="stmt"/>
    </file>
    <file name="html.ts" path="E:\Projects\React\skimd\src\markdown\html.ts">
      <metrics statements="47" coveredstatements="47" conditionals="20" coveredconditionals="12" methods="3" coveredmethods="3"/>
      <line num="1" count="1" type="stmt"/>
      <line num="2" count="1" type="stmt"/>
      <line num="3" count="1" type="stmt"/>
      <line num="4" count="1" type="stmt"/>
      <line num="5" count="1" type="stmt"/>
      <line num="6" count="1" type="stmt"/>
      <line num="7" count="1" type="stmt"/>
      <line num="8" count="1" type="stmt"/>
      <line num="9" count="8" type="cond" truecount="1" falsecount="0"/>
      <line num="10" count="8" type="stmt"/>
      <line num="11" count="8" type="cond" truecount="0" falsecount="1"/>
      <line num="12" count="8" type="stmt"/>
      <line num="13" count="1" type="stmt"/>
      <line num="14" count="8" type="cond" truecount="1" falsecount="0"/>
      <line num="15" count="8" type="stmt"/>
      <line num="16" count="8" type="stmt"/>
      <line num="17" count="1" type="stmt"/>
      <line num="18" count="1" type="cond" truecount="1" falsecount="0"/>
      <line num="19" count="12" type="cond" truecount="2" falsecount="0"/>
      <line num="20" count="10" type="stmt"/>
      <line num="21" count="10" type="stmt"/>
      <line num="22" count="12" type="cond" truecount="1" falsecount="0"/>
      <line num="23" count="2" type="cond" truecount="0" falsecount="1"/>
      <line num="24" count="2" type="stmt"/>
      <line num="25" count="2" type="cond" truecount="0" falsecount="2"/>
      <line num="26" count="2" type="stmt"/>
      <line num="27" count="2" type="stmt"/>
      <line num="28" count="2" type="cond" truecount="1" falsecount="0"/>
      <line num="29" count="8" type="stmt"/>
      <line num="30" count="8" type="stmt"/>
      <line num="31" count="12" type="cond" truecount="1" falsecount="0"/>
      <line num="32" count="1" type="cond" truecount="0" falsecount="1"/>
      <line num="33" count="1" type="cond" truecount="1" falsecount="0"/>
      <line num="34" count="7" type="stmt"/>
      <line num="35" count="7" type="stmt"/>
      <line num="36" count="7" type="cond" truecount="1" falsecount="0"/>
      <line num="37" count="3" type="cond" truecount="0" falsecount="1"/>
      <line num="38" count="3" type="stmt"/>
      <line num="39" count="3" type="cond" truecount="1" falsecount="0"/>
      <line num="40" count="4" type="stmt"/>
      <line num="41" count="4" type="stmt"/>
      <line num="42" count="12" type="cond" truecount="1" falsecount="0"/>
      <line num="43" count="2" type="cond" truecount="0" falsecount="2"/>
      <line num="44" count="2" type="stmt"/>
      <line num="45" count="2" type="stmt"/>
      <line num="46" count="2" type="stmt"/>
      <line num="47" count="2" type="stmt"/>
    </file>
    <file name="parse.ts" path="E:\Projects\React\skimd\src\markdown\parse.ts">
      <metrics statements="15" coveredstatements="15" conditionals="4" coveredconditionals="4" methods="2" coveredmethods="2"/>
      <line num="1" count="1" type="stmt"/>
      <line num="2" count="1" type="stmt"/>
      <line num="3" count="1" type="stmt"/>
      <line num="4" count="1" type="stmt"/>
      <line num="5" count="1" type="cond" truecount="1" falsecount="0"/>
      <line num="6" count="36" type="stmt"/>
      <line num="7" count="36" type="cond" truecount="2" falsecount="0"/>
      <line num="8" count="34" type="stmt"/>
      <line num="9" count="34" type="stmt"/>
      <line num="10" count="34" type="stmt"/>
      <line num="11" count="34" type="stmt"/>
      <line num="12" count="1" type="stmt"/>
      <line num="13" count="1" type="cond" truecount="1" falsecount="0"/>
      <line num="14" count="3" type="stmt"/>
      <line num="15" count="3" type="stmt"/>
    </file>
    <file name="render.ts" path="E:\Projects\React\skimd\src\markdown\render.ts">
      <metrics statements="288" coveredstatements="288" conditionals="95" coveredconditionals="69" methods="16" coveredmethods="16"/>
      <line num="1" count="1" type="stmt"/>
      <line num="2" count="1" type="stmt"/>
      <line num="3" count="1" type="stmt"/>
      <line num="4" count="1" type="stmt"/>
      <line num="5" count="1" type="stmt"/>
      <line num="6" count="1" type="stmt"/>
      <line num="7" count="1" type="stmt"/>
      <line num="8" count="1" type="stmt"/>
      <line num="9" count="1" type="stmt"/>
      <line num="10" count="1" type="stmt"/>
      <line num="11" count="1" type="stmt"/>
      <line num="12" count="1" type="stmt"/>
      <line num="13" count="1" type="stmt"/>
      <line num="14" count="1" type="stmt"/>
      <line num="15" count="1" type="stmt"/>
      <line num="16" count="1" type="stmt"/>
      <line num="17" count="1" type="stmt"/>
      <line num="18" count="1" type="stmt"/>
      <line num="19" count="1" type="stmt"/>
      <line num="20" count="1" type="stmt"/>
      <line num="21" count="1" type="stmt"/>
      <line num="22" count="1" type="stmt"/>
      <line num="23" count="1" type="stmt"/>
      <line num="24" count="1" type="stmt"/>
      <line num="25" count="1" type="stmt"/>
      <line num="26" count="1" type="stmt"/>
      <line num="27" count="1" type="stmt"/>
      <line num="28" count="1" type="stmt"/>
      <line num="29" count="1" type="stmt"/>
      <line num="30" count="1" type="stmt"/>
      <line num="31" count="1" type="stmt"/>
      <line num="32" count="1" type="stmt"/>
      <line num="33" count="1" type="stmt"/>
      <line num="34" count="1" type="stmt"/>
      <line num="35" count="1" type="stmt"/>
      <line num="36" count="1" type="stmt"/>
      <line num="37" count="1" type="stmt"/>
      <line num="38" count="1" type="stmt"/>
      <line num="39" count="93" type="cond" truecount="1" falsecount="0"/>
      <line num="40" count="93" type="stmt"/>
      <line num="41" count="93" type="stmt"/>
      <line num="42" count="1" type="stmt"/>
      <line num="43" count="34" type="cond" truecount="1" falsecount="0"/>
      <line num="44" count="34" type="stmt"/>
      <line num="45" count="34" type="cond" truecount="1" falsecount="0"/>
      <line num="46" count="9" type="stmt"/>
      <line num="47" count="34" type="cond" truecount="1" falsecount="0"/>
      <line num="48" count="6" type="stmt"/>
      <line num="49" count="34" type="cond" truecount="1" falsecount="0"/>
      <line num="50" count="5" type="stmt"/>
      <line num="51" count="34" type="cond" truecount="1" falsecount="0"/>
      <line num="52" count="3" type="stmt"/>
      <line num="53" count="34" type="cond" truecount="1" falsecount="0"/>
      <line num="54" count="2" type="stmt"/>
      <line num="55" count="34" type="cond" truecount="1" falsecount="0"/>
      <line num="56" count="1" type="stmt"/>
      <line num="57" count="34" type="cond" truecount="1" falsecount="0"/>
      <line num="58" count="2" type="stmt"/>
      <line num="59" count="34" type="cond" truecount="1" falsecount="0"/>
      <line num="60" count="5" type="stmt"/>
      <line num="61" count="34" type="cond" truecount="1" falsecount="0"/>
      <line num="62" count="1" type="stmt"/>
      <line num="63" count="34" type="stmt"/>
      <line num="64" count="34" type="stmt"/>
      <line num="65" count="1" type="stmt"/>
      <line num="66" count="5" type="cond" truecount="1" falsecount="0"/>
      <line num="67" count="5" type="stmt"/>
      <line num="68" count="5" type="stmt"/>
      <line num="69" count="5" type="cond" truecount="1" falsecount="0"/>
      <line num="70" count="1" type="stmt"/>
      <line num="71" count="1" type="stmt"/>
      <line num="72" count="1" type="stmt"/>
      <line num="73" count="1" type="stmt"/>
      <line num="74" count="1" type="stmt"/>
      <line num="75" count="1" type="stmt"/>
      <line num="76" count="1" type="stmt"/>
      <line num="77" count="5" type="cond" truecount="1" falsecount="0"/>
      <line num="78" count="1" type="stmt"/>
      <line num="79" count="1" type="cond" truecount="0" falsecount="1"/>
      <line num="80" count="1" type="stmt"/>
      <line num="81" count="1" type="stmt"/>
      <line num="82" count="1" type="stmt"/>
      <line num="83" count="1" type="stmt"/>
      <line num="84" count="1" type="stmt"/>
      <line num="85" count="1" type="stmt"/>
      <line num="86" count="1" type="stmt"/>
      <line num="87" count="1" type="stmt"/>
      <line num="88" count="5" type="cond" truecount="1" falsecount="0"/>
      <line num="89" count="1" type="stmt"/>
      <line num="90" count="1" type="stmt"/>
      <line num="91" count="1" type="stmt"/>
      <line num="92" count="1" type="stmt"/>
      <line num="93" count="1" type="stmt"/>
      <line num="94" count="1" type="stmt"/>
      <line num="95" count="1" type="stmt"/>
      <line num="96" count="1" type="stmt"/>
      <line num="97" count="1" type="stmt"/>
      <line num="98" count="1" type="stmt"/>
      <line num="99" count="5" type="cond" truecount="1" falsecount="0"/>
      <line num="100" count="2" type="cond" truecount="1" falsecount="0"/>
      <line num="101" count="1" type="stmt"/>
      <line num="102" count="1" type="stmt"/>
      <line num="103" count="1" type="stmt"/>
      <line num="104" count="2" type="stmt"/>
      <line num="105" count="5" type="stmt"/>
      <line num="106" count="5" type="stmt"/>
      <line num="107" count="1" type="stmt"/>
      <line num="108" count="2" type="cond" truecount="1" falsecount="0"/>
      <line num="109" count="2" type="cond" truecount="1" falsecount="0"/>
      <line num="110" count="2" type="cond" truecount="2" falsecount="0"/>
      <line num="111" count="2" type="stmt"/>
      <line num="112" count="2" type="cond" truecount="1" falsecount="0"/>
      <line num="113" count="1" type="stmt"/>
      <line num="114" count="1" type="cond" truecount="1" falsecount="0"/>
      <line num="115" count="2" type="cond" truecount="0" falsecount="1"/>
      <line num="116" count="1" type="stmt"/>
      <line num="117" count="1" type="stmt"/>
      <line num="118" count="1" type="stmt"/>
      <line num="119" count="1" type="stmt"/>
      <line num="120" count="1" type="stmt"/>
      <line num="121" count="1" type="stmt"/>
      <line num="122" count="1" type="cond" truecount="1" falsecount="0"/>
      <line num="123" count="2" type="cond" truecount="1" falsecount="1"/>
      <line num="124" count="1" type="stmt"/>
      <line num="125" count="1" type="cond" truecount="1" falsecount="0"/>
      <line num="126" count="3" type="cond" truecount="1" falsecount="0"/>
      <line num="127" count="1" type="cond" truecount="1" falsecount="0"/>
      <line num="128" count="2" type="cond" truecount="1" falsecount="0"/>
      <line num="129" count="4" type="cond" truecount="0" falsecount="1"/>
      <line num="130" count="4" type="stmt"/>
      <line num="131" count="4" type="stmt"/>
      <line num="132" count="2" type="stmt"/>
      <line num="133" count="1" type="stmt"/>
      <line num="134" count="1" type="stmt"/>
      <line num="135" count="1" type="cond" truecount="1" falsecount="0"/>
      <line num="136" count="1" type="stmt"/>
      <line num="137" count="1" type="stmt"/>
      <line num="138" count="1" type="stmt"/>
      <line num="139" count="1" type="stmt"/>
      <line num="140" count="1" type="stmt"/>
      <line num="141" count="1" type="stmt"/>
      <line num="142" count="1" type="stmt"/>
      <line num="143" count="1" type="stmt"/>
      <line num="144" count="4" type="cond" truecount="1" falsecount="0"/>
      <line num="145" count="4" type="stmt"/>
      <line num="146" count="4" type="stmt"/>
      <line num="147" count="1" type="stmt"/>
      <line num="148" count="1" type="cond" truecount="1" falsecount="0"/>
      <line num="149" count="1" type="stmt"/>
      <line num="150" count="1" type="stmt"/>
      <line num="151" count="1" type="stmt"/>
      <line num="152" count="1" type="stmt"/>
      <line num="153" count="2" type="cond" truecount="1" falsecount="0"/>
      <line num="154" count="2" type="cond" truecount="0" falsecount="1"/>
      <line num="155" count="2" type="cond" truecount="0" falsecount="1"/>
      <line num="156" count="2" type="cond" truecount="1" falsecount="0"/>
      <line num="157" count="3" type="stmt"/>
      <line num="158" count="3" type="stmt"/>
      <line num="159" count="2" type="stmt"/>
      <line num="160" count="2" type="stmt"/>
      <line num="161" count="2" type="stmt"/>
      <line num="162" count="1" type="stmt"/>
      <line num="163" count="4" type="cond" truecount="1" falsecount="0"/>
      <line num="164" count="4" type="stmt"/>
      <line num="165" count="4" type="cond" truecount="1" falsecount="0"/>
      <line num="166" count="7" type="cond" truecount="1" falsecount="0"/>
      <line num="167" count="2" type="cond" truecount="1" falsecount="1"/>
      <line num="168" count="5" type="stmt"/>
      <line num="169" count="7" type="cond" truecount="0" falsecount="2"/>
      <line num="170" count="7" type="stmt"/>
      <line num="171" count="7" type="cond" truecount="1" falsecount="1"/>
      <line num="172" count="8" type="stmt"/>
      <line num="173" count="8" type="cond" truecount="1" falsecount="0"/>
      <line num="174" count="8" type="stmt"/>
      <line num="175" count="4" type="stmt"/>
      <line num="176" count="4" type="cond" truecount="1" falsecount="0"/>
      <line num="177" count="4" type="stmt"/>
      <line num="178" count="1" type="stmt"/>
      <line num="179" count="5" type="cond" truecount="1" falsecount="0"/>
      <line num="180" count="5" type="stmt"/>
      <line num="181" count="5" type="cond" truecount="0" falsecount="1"/>
      <line num="182" count="5" type="cond" truecount="0" falsecount="1"/>
      <line num="183" count="5" type="stmt"/>
      <line num="184" count="5" type="stmt"/>
      <line num="185" count="5" type="stmt"/>
      <line num="186" count="5" type="stmt"/>
      <line num="187" count="5" type="stmt"/>
      <line num="188" count="5" type="stmt"/>
      <line num="189" count="5" type="stmt"/>
      <line num="190" count="5" type="cond" truecount="1" falsecount="0"/>
      <line num="191" count="2" type="cond" truecount="1" falsecount="0"/>
      <line num="192" count="3" type="stmt"/>
      <line num="193" count="5" type="stmt"/>
      <line num="194" count="5" type="stmt"/>
      <line num="195" count="5" type="stmt"/>
      <line num="196" count="5" type="stmt"/>
      <line num="197" count="5" type="stmt"/>
      <line num="198" count="5" type="stmt"/>
      <line num="199" count="1" type="stmt"/>
      <line num="200" count="9" type="cond" truecount="1" falsecount="0"/>
      <line num="201" count="9" type="cond" truecount="0" falsecount="1"/>
      <line num="202" count="9" type="cond" truecount="2" falsecount="0"/>
      <line num="203" count="9" type="cond" truecount="2" falsecount="0"/>
      <line num="204" count="9" type="stmt"/>
      <line num="205" count="9" type="stmt"/>
      <line num="206" count="1" type="stmt"/>
      <line num="207" count="11" type="cond" truecount="1" falsecount="0"/>
      <line num="208" count="11" type="stmt"/>
      <line num="209" count="11" type="stmt"/>
      <line num="210" count="11" type="cond" truecount="1" falsecount="0"/>
      <line num="211" count="19" type="stmt"/>
      <line num="212" count="19" type="cond" truecount="1" falsecount="0"/>
      <line num="213" count="12" type="cond" truecount="0" falsecount="2"/>
      <line num="214" count="19" type="cond" truecount="2" falsecount="0"/>
      <line num="215" count="1" type="stmt"/>
      <line num="216" count="1" type="cond" truecount="0" falsecount="1"/>
      <line num="217" count="7" type="cond" truecount="2" falsecount="0"/>
      <line num="218" count="3" type="stmt"/>
      <line num="219" count="3" type="stmt"/>
      <line num="220" count="3" type="cond" truecount="0" falsecount="2"/>
      <line num="221" count="3" type="stmt"/>
      <line num="222" count="3" type="stmt"/>
      <line num="223" count="3" type="cond" truecount="0" falsecount="1"/>
      <line num="224" count="3" type="stmt"/>
      <line num="225" count="3" type="cond" truecount="1" falsecount="0"/>
      <line num="226" count="1" type="stmt"/>
      <line num="227" count="1" type="cond" truecount="0" falsecount="1"/>
      <line num="228" count="1" type="stmt"/>
      <line num="229" count="1" type="stmt"/>
      <line num="230" count="3" type="cond" truecount="2" falsecount="0"/>
      <line num="231" count="1" type="stmt"/>
      <line num="232" count="1" type="cond" truecount="0" falsecount="1"/>
      <line num="233" count="1" type="stmt"/>
      <line num="234" count="1" type="stmt"/>
      <line num="235" count="1" type="stmt"/>
      <line num="236" count="1" type="cond" truecount="0" falsecount="2"/>
      <line num="237" count="1" type="stmt"/>
      <line num="238" count="19" type="stmt"/>
      <line num="239" count="11" type="stmt"/>
      <line num="240" count="11" type="stmt"/>
      <line num="241" count="1" type="stmt"/>
      <line num="242" count="7" type="cond" truecount="1" falsecount="0"/>
      <line num="243" count="7" type="cond" truecount="0" falsecount="1"/>
      <line num="244" count="7" type="stmt"/>
      <line num="245" count="7" type="stmt"/>
      <line num="246" count="7" type="cond" truecount="0" falsecount="1"/>
      <line num="247" count="7" type="stmt"/>
      <line num="248" count="7" type="stmt"/>
      <line num="249" count="7" type="stmt"/>
      <line num="250" count="1" type="stmt"/>
      <line num="251" count="7" type="cond" truecount="1" falsecount="0"/>
      <line num="252" count="7" type="stmt"/>
      <line num="253" count="7" type="cond" truecount="0" falsecount="1"/>
      <line num="254" count="7" type="stmt"/>
      <line num="255" count="7" type="cond" truecount="1" falsecount="0"/>
      <line num="256" count="3" type="stmt"/>
      <line num="257" count="3" type="stmt"/>
      <line num="258" count="3" type="stmt"/>
      <line num="259" count="3" type="stmt"/>
      <line num="260" count="7" type="cond" truecount="2" falsecount="0"/>
      <line num="261" count="1" type="stmt"/>
      <line num="262" count="1" type="stmt"/>
      <line num="263" count="1" type="stmt"/>
      <line num="264" count="4" type="cond" truecount="2" falsecount="0"/>
      <line num="265" count="2" type="stmt"/>
      <line num="266" count="2" type="stmt"/>
      <line num="267" count="3" type="cond" truecount="1" falsecount="0"/>
      <line num="268" count="1" type="stmt"/>
      <line num="269" count="1" type="stmt"/>
      <line num="270" count="1" type="stmt"/>
      <line num="271" count="1" type="stmt"/>
      <line num="272" count="7" type="stmt"/>
      <line num="273" count="7" type="stmt"/>
      <line num="274" count="7" type="stmt"/>
      <line num="275" count="1" type="stmt"/>
      <line num="276" count="1" type="cond" truecount="1" falsecount="0"/>
      <line num="277" count="31" type="stmt"/>
      <line num="278" count="31" type="stmt"/>
      <line num="279" count="31" type="stmt"/>
      <line num="280" count="31" type="stmt"/>
      <line num="281" count="31" type="stmt"/>
      <line num="282" count="31" type="stmt"/>
      <line num="283" count="31" type="stmt"/>
      <line num="284" count="31" type="stmt"/>
      <line num="285" count="31" type="stmt"/>
      <line num="286" count="31" type="cond" truecount="1" falsecount="0"/>
      <line num="287" count="31" type="stmt"/>
      <line num="288" count="31" type="stmt"/>
    </file>
    <file name="toc.ts" path="E:\Projects\React\skimd\src\markdown\toc.ts">
      <metrics statements="90" coveredstatements="90" conditionals="25" coveredconditionals="22" methods="7" coveredmethods="7"/>
      <line num="1" count="1" type="stmt"/>
      <line num="2" count="1" type="stmt"/>
      <line num="3" count="1" type="stmt"/>
      <line num="4" count="1" type="stmt"/>
      <line num="5" count="1" type="stmt"/>
      <line num="6" count="1" type="stmt"/>
      <line num="7" count="1" type="stmt"/>
      <line num="8" count="1" type="stmt"/>
      <line num="9" count="1" type="stmt"/>
      <line num="10" count="1" type="stmt"/>
      <line num="11" count="1" type="stmt"/>
      <line num="12" count="1" type="stmt"/>
      <line num="13" count="1" type="stmt"/>
      <line num="14" count="1" type="stmt"/>
      <line num="15" count="1" type="stmt"/>
      <line num="16" count="1" type="stmt"/>
      <line num="17" count="1" type="stmt"/>
      <line num="18" count="8" type="cond" truecount="1" falsecount="0"/>
      <line num="19" count="8" type="cond" truecount="0" falsecount="1"/>
      <line num="20" count="8" type="stmt"/>
      <line num="21" count="8" type="stmt"/>
      <line num="22" count="8" type="cond" truecount="1" falsecount="0"/>
      <line num="23" count="8" type="stmt"/>
      <line num="24" count="8" type="stmt"/>
      <line num="25" count="8" type="stmt"/>
      <line num="26" count="1" type="stmt"/>
      <line num="27" count="19" type="cond" truecount="1" falsecount="0"/>
      <line num="28" count="19" type="stmt"/>
      <line num="29" count="19" type="stmt"/>
      <line num="30" count="1" type="stmt"/>
      <line num="31" count="12" type="cond" truecount="1" falsecount="0"/>
      <line num="32" count="12" type="stmt"/>
      <line num="33" count="12" type="stmt"/>
      <line num="34" count="12" type="stmt"/>
      <line num="35" count="12" type="stmt"/>
      <line num="36" count="12" type="stmt"/>
      <line num="37" count="12" type="stmt"/>
      <line num="38" count="12" type="stmt"/>
      <line num="39" count="1" type="stmt"/>
      <line num="40" count="8" type="cond" truecount="1" falsecount="0"/>
      <line num="41" count="8" type="cond" truecount="1" falsecount="0"/>
      <line num="42" count="4" type="cond" truecount="2" falsecount="0"/>
      <line num="43" count="3" type="cond" truecount="2" falsecount="0"/>
      <line num="44" count="2" type="cond" truecount="0" falsecount="1"/>
      <line num="45" count="8" type="stmt"/>
      <line num="46" count="1" type="stmt"/>
      <line num="47" count="1" type="cond" truecount="1" falsecount="0"/>
      <line num="48" count="3" type="stmt"/>
      <line num="49" count="3" type="stmt"/>
      <line num="50" count="3" type="stmt"/>
      <line num="51" count="3" type="stmt"/>
      <line num="52" count="3" type="stmt"/>
      <line num="53" count="3" type="cond" truecount="1" falsecount="0"/>
      <line num="54" count="11" type="cond" truecount="2" falsecount="0"/>
      <line num="55" count="8" type="stmt"/>
      <line num="56" count="8" type="stmt"/>
      <line num="57" count="11" type="stmt"/>
      <line num="58" count="3" type="stmt"/>
      <line num="59" count="3" type="cond" truecount="1" falsecount="0"/>
      <line num="60" count="16" type="cond" truecount="1" falsecount="0"/>
      <line num="61" count="8" type="stmt"/>
      <line num="62" count="8" type="stmt"/>
      <line num="63" count="8" type="stmt"/>
      <line num="64" count="8" type="stmt"/>
      <line num="65" count="8" type="stmt"/>
      <line num="66" count="8" type="stmt"/>
      <line num="67" count="8" type="stmt"/>
      <line num="68" count="8" type="stmt"/>
      <line num="69" count="8" type="stmt"/>
      <line num="70" count="8" type="cond" truecount="2" falsecount="1"/>
      <line num="71" count="8" type="cond" truecount="1" falsecount="0"/>
      <line num="72" count="4" type="stmt"/>
      <line num="73" count="8" type="stmt"/>
      <line num="74" count="8" type="stmt"/>
      <line num="75" count="8" type="stmt"/>
      <line num="76" count="8" type="stmt"/>
      <line num="77" count="16" type="stmt"/>
      <line num="78" count="3" type="stmt"/>
      <line num="79" count="3" type="stmt"/>
      <line num="80" count="3" type="cond" truecount="1" falsecount="0"/>
      <line num="81" count="8" type="stmt"/>
      <line num="82" count="8" type="cond" truecount="1" falsecount="0"/>
      <line num="83" count="8" type="stmt"/>
      <line num="84" count="8" type="stmt"/>
      <line num="85" count="3" type="cond" truecount="1" falsecount="0"/>
      <line num="86" count="4" type="stmt"/>
      <line num="87" count="4" type="stmt"/>
      <line num="88" count="3" type="stmt"/>
      <line num="89" count="3" type="stmt"/>
      <line num="90" count="3" type="stmt"/>
    </file>
  </project>
</coverage>
