{"E:\\Projects\\React\\skimd\\src\\markdown\\ansi.ts": {"path":"E:\\Projects\\React\\skimd\\src\\markdown\\ansi.ts","all":false,"statementMap":{"0":{"start":{"line":1,"column":0},"end":{"line":1,"column":26}},"1":{"start":{"line":2,"column":0},"end":{"line":2,"column":78}},"2":{"start":{"line":3,"column":0},"end":{"line":3,"column":16}},"3":{"start":{"line":4,"column":0},"end":{"line":4,"column":17}},"4":{"start":{"line":5,"column":0},"end":{"line":5,"column":19}},"5":{"start":{"line":6,"column":0},"end":{"line":6,"column":22}},"6":{"start":{"line":7,"column":0},"end":{"line":7,"column":19}},"7":{"start":{"line":8,"column":0},"end":{"line":8,"column":2}},"8":{"start":{"line":9,"column":0},"end":{"line":9,"column":0}},"9":{"start":{"line":10,"column":0},"end":{"line":10,"column":65}},"10":{"start":{"line":11,"column":0},"end":{"line":11,"column":18}},"11":{"start":{"line":12,"column":0},"end":{"line":12,"column":20}},"12":{"start":{"line":13,"column":0},"end":{"line":13,"column":21}},"13":{"start":{"line":14,"column":0},"end":{"line":14,"column":22}},"14":{"start":{"line":15,"column":0},"end":{"line":15,"column":19}},"15":{"start":{"line":16,"column":0},"end":{"line":16,"column":18}},"16":{"start":{"line":17,"column":0},"end":{"line":17,"column":21}},"17":{"start":{"line":18,"column":0},"end":{"line":18,"column":2}},"18":{"start":{"line":19,"column":0},"end":{"line":19,"column":0}},"19":{"start":{"line":20,"column":0},"end":{"line":20,"column":60}},"20":{"start":{"line":21,"column":0},"end":{"line":21,"column":29}},"21":{"start":{"line":22,"column":0},"end":{"line":22,"column":30}},"22":{"start":{"line":23,"column":0},"end":{"line":23,"column":29}},"23":{"start":{"line":24,"column":0},"end":{"line":24,"column":32}},"24":{"start":{"line":25,"column":0},"end":{"line":25,"column":35}},"25":{"start":{"line":26,"column":0},"end":{"line":26,"column":32}},"26":{"start":{"line":27,"column":0},"end":{"line":27,"column":42}},"27":{"start":{"line":28,"column":0},"end":{"line":28,"column":38}},"28":{"start":{"line":29,"column":0},"end":{"line":29,"column":50}},"29":{"start":{"line":30,"column":0},"end":{"line":30,"column":1}},"30":{"start":{"line":31,"column":0},"end":{"line":31,"column":0}},"31":{"start":{"line":32,"column":0},"end":{"line":32,"column":44}},"32":{"start":{"line":33,"column":0},"end":{"line":33,"column":46}},"33":{"start":{"line":34,"column":0},"end":{"line":34,"column":42}},"34":{"start":{"line":35,"column":0},"end":{"line":35,"column":1}}},"s":{"0":1,"1":1,"2":1,"3":1,"4":1,"5":1,"6":1,"7":1,"8":1,"9":1,"10":1,"11":1,"12":1,"13":1,"14":1,"15":1,"16":1,"17":1,"18":1,"19":1,"20":66,"21":66,"22":66,"23":66,"24":66,"25":66,"26":66,"27":66,"28":65,"29":65,"30":1,"31":1,"32":1,"33":55,"34":55},"branchMap":{"0":{"type":"branch","line":20,"loc":{"start":{"line":20,"column":7},"end":{"line":30,"column":1}},"locations":[{"start":{"line":20,"column":7},"end":{"line":30,"column":1}}]},"1":{"type":"branch","line":22,"loc":{"start":{"line":22,"column":14},"end":{"line":22,"column":30}},"locations":[{"start":{"line":22,"column":14},"end":{"line":22,"column":30}}]},"2":{"type":"branch","line":23,"loc":{"start":{"line":23,"column":13},"end":{"line":23,"column":29}},"locations":[{"start":{"line":23,"column":13},"end":{"line":23,"column":29}}]},"3":{"type":"branch","line":24,"loc":{"start":{"line":24,"column":16},"end":{"line":24,"column":32}},"locations":[{"start":{"line":24,"column":16},"end":{"line":24,"column":32}}]},"4":{"type":"branch","line":25,"loc":{"start":{"line":25,"column":19},"end":{"line":25,"column":35}},"locations":[{"start":{"line":25,"column":19},"end":{"line":25,"column":35}}]},"5":{"type":"branch","line":26,"loc":{"start":{"line":26,"column":16},"end":{"line":26,"column":32}},"locations":[{"start":{"line":26,"column":16},"end":{"line":26,"column":32}}]},"6":{"type":"branch","line":27,"loc":{"start":{"line":27,"column":15},"end":{"line":27,"column":42}},"locations":[{"start":{"line":27,"column":15},"end":{"line":27,"column":42}}]},"7":{"type":"branch","line":28,"loc":{"start":{"line":28,"column":26},"end":{"line":30,"column":1}},"locations":[{"start":{"line":28,"column":26},"end":{"line":30,"column":1}}]},"8":{"type":"branch","line":28,"loc":{"start":{"line":28,"column":26},"end":{"line":28,"column":38}},"locations":[{"start":{"line":28,"column":26},"end":{"line":28,"column":38}}]},"9":{"type":"branch","line":33,"loc":{"start":{"line":33,"column":7},"end":{"line":35,"column":1}},"locations":[{"start":{"line":33,"column":7},"end":{"line":35,"column":1}}]}},"b":{"0":[66],"1":[13],"2":[36],"3":[4],"4":[4],"5":[1],"6":[26],"7":[65],"8":[1],"9":[55]},"fnMap":{"0":{"name":"style","decl":{"start":{"line":20,"column":7},"end":{"line":30,"column":1}},"loc":{"start":{"line":20,"column":7},"end":{"line":30,"column":1}},"line":20},"1":{"name":"stripAnsi","decl":{"start":{"line":33,"column":7},"end":{"line":35,"column":1}},"loc":{"start":{"line":33,"column":7},"end":{"line":35,"column":1}},"line":33}},"f":{"0":66,"1":55}}
,"E:\\Projects\\React\\skimd\\src\\markdown\\html.ts": {"path":"E:\\Projects\\React\\skimd\\src\\markdown\\html.ts","all":false,"statementMap":{"0":{"start":{"line":1,"column":0},"end":{"line":1,"column":47}},"1":{"start":{"line":2,"column":0},"end":{"line":2,"column":0}},"2":{"start":{"line":3,"column":0},"end":{"line":3,"column":29}},"3":{"start":{"line":4,"column":0},"end":{"line":4,"column":58}},"4":{"start":{"line":5,"column":0},"end":{"line":5,"column":48}},"5":{"start":{"line":6,"column":0},"end":{"line":6,"column":48}},"6":{"start":{"line":7,"column":0},"end":{"line":7,"column":35}},"7":{"start":{"line":8,"column":0},"end":{"line":8,"column":0}},"8":{"start":{"line":9,"column":0},"end":{"line":9,"column":50}},"9":{"start":{"line":10,"column":0},"end":{"line":10,"column":70}},"10":{"start":{"line":11,"column":0},"end":{"line":11,"column":22}},"11":{"start":{"line":12,"column":0},"end":{"line":12,"column":1}},"12":{"start":{"line":13,"column":0},"end":{"line":13,"column":0}},"13":{"start":{"line":14,"column":0},"end":{"line":14,"column":39}},"14":{"start":{"line":15,"column":0},"end":{"line":15,"column":35}},"15":{"start":{"line":16,"column":0},"end":{"line":16,"column":1}},"16":{"start":{"line":17,"column":0},"end":{"line":17,"column":0}},"17":{"start":{"line":18,"column":0},"end":{"line":18,"column":82}},"18":{"start":{"line":19,"column":0},"end":{"line":19,"column":53}},"19":{"start":{"line":20,"column":0},"end":{"line":20,"column":0}},"20":{"start":{"line":21,"column":0},"end":{"line":21,"column":73}},"21":{"start":{"line":22,"column":0},"end":{"line":22,"column":21}},"22":{"start":{"line":23,"column":0},"end":{"line":23,"column":40}},"23":{"start":{"line":24,"column":0},"end":{"line":24,"column":76}},"24":{"start":{"line":25,"column":0},"end":{"line":25,"column":80}},"25":{"start":{"line":26,"column":0},"end":{"line":26,"column":91}},"26":{"start":{"line":27,"column":0},"end":{"line":27,"column":50}},"27":{"start":{"line":28,"column":0},"end":{"line":28,"column":3}},"28":{"start":{"line":29,"column":0},"end":{"line":29,"column":0}},"29":{"start":{"line":30,"column":0},"end":{"line":30,"column":73}},"30":{"start":{"line":31,"column":0},"end":{"line":31,"column":21}},"31":{"start":{"line":32,"column":0},"end":{"line":32,"column":54}},"32":{"start":{"line":33,"column":0},"end":{"line":33,"column":3}},"33":{"start":{"line":34,"column":0},"end":{"line":34,"column":0}},"34":{"start":{"line":35,"column":0},"end":{"line":35,"column":51}},"35":{"start":{"line":36,"column":0},"end":{"line":36,"column":17}},"36":{"start":{"line":37,"column":0},"end":{"line":37,"column":32}},"37":{"start":{"line":38,"column":0},"end":{"line":38,"column":72}},"38":{"start":{"line":39,"column":0},"end":{"line":39,"column":3}},"39":{"start":{"line":40,"column":0},"end":{"line":40,"column":0}},"40":{"start":{"line":41,"column":0},"end":{"line":41,"column":59}},"41":{"start":{"line":42,"column":0},"end":{"line":42,"column":15}},"42":{"start":{"line":43,"column":0},"end":{"line":43,"column":99}},"43":{"start":{"line":44,"column":0},"end":{"line":44,"column":3}},"44":{"start":{"line":45,"column":0},"end":{"line":45,"column":0}},"45":{"start":{"line":46,"column":0},"end":{"line":46,"column":49}},"46":{"start":{"line":47,"column":0},"end":{"line":47,"column":1}}},"s":{"0":1,"1":1,"2":1,"3":1,"4":1,"5":1,"6":1,"7":1,"8":8,"9":8,"10":8,"11":8,"12":1,"13":8,"14":8,"15":8,"16":1,"17":1,"18":12,"19":10,"20":10,"21":12,"22":2,"23":2,"24":2,"25":2,"26":2,"27":2,"28":8,"29":8,"30":12,"31":1,"32":1,"33":7,"34":7,"35":7,"36":3,"37":3,"38":3,"39":4,"40":4,"41":12,"42":2,"43":2,"44":2,"45":2,"46":2},"branchMap":{"0":{"type":"branch","line":9,"loc":{"start":{"line":9,"column":0},"end":{"line":12,"column":1}},"locations":[{"start":{"line":9,"column":0},"end":{"line":12,"column":1}}]},"1":{"type":"branch","line":11,"loc":{"start":{"line":11,"column":14},"end":{"line":11,"column":22}},"locations":[{"start":{"line":11,"column":14},"end":{"line":11,"column":22}}]},"2":{"type":"branch","line":14,"loc":{"start":{"line":14,"column":0},"end":{"line":16,"column":1}},"locations":[{"start":{"line":14,"column":0},"end":{"line":16,"column":1}}]},"3":{"type":"branch","line":18,"loc":{"start":{"line":18,"column":7},"end":{"line":47,"column":1}},"locations":[{"start":{"line":18,"column":7},"end":{"line":47,"column":1}}]},"4":{"type":"branch","line":19,"loc":{"start":{"line":19,"column":19},"end":{"line":19,"column":53}},"locations":[{"start":{"line":19,"column":19},"end":{"line":19,"column":53}}]},"5":{"type":"branch","line":19,"loc":{"start":{"line":19,"column":51},"end":{"line":22,"column":20}},"locations":[{"start":{"line":19,"column":51},"end":{"line":22,"column":20}}]},"6":{"type":"branch","line":22,"loc":{"start":{"line":22,"column":20},"end":{"line":28,"column":3}},"locations":[{"start":{"line":22,"column":20},"end":{"line":28,"column":3}}]},"7":{"type":"branch","line":23,"loc":{"start":{"line":23,"column":32},"end":{"line":23,"column":40}},"locations":[{"start":{"line":23,"column":32},"end":{"line":23,"column":40}}]},"8":{"type":"branch","line":25,"loc":{"start":{"line":25,"column":59},"end":{"line":25,"column":66}},"locations":[{"start":{"line":25,"column":59},"end":{"line":25,"column":66}}]},"9":{"type":"branch","line":25,"loc":{"start":{"line":25,"column":73},"end":{"line":25,"column":80}},"locations":[{"start":{"line":25,"column":73},"end":{"line":25,"column":80}}]},"10":{"type":"branch","line":28,"loc":{"start":{"line":28,"column":2},"end":{"line":31,"column":20}},"locations":[{"start":{"line":28,"column":2},"end":{"line":31,"column":20}}]},"11":{"type":"branch","line":31,"loc":{"start":{"line":31,"column":20},"end":{"line":33,"column":3}},"locations":[{"start":{"line":31,"column":20},"end":{"line":33,"column":3}}]},"12":{"type":"branch","line":32,"loc":{"start":{"line":32,"column":39},"end":{"line":32,"column":48}},"locations":[{"start":{"line":32,"column":39},"end":{"line":32,"column":48}}]},"13":{"type":"branch","line":33,"loc":{"start":{"line":33,"column":2},"end":{"line":42,"column":14}},"locations":[{"start":{"line":33,"column":2},"end":{"line":42,"column":14}}]},"14":{"type":"branch","line":36,"loc":{"start":{"line":36,"column":16},"end":{"line":39,"column":3}},"locations":[{"start":{"line":36,"column":16},"end":{"line":39,"column":3}}]},"15":{"type":"branch","line":37,"loc":{"start":{"line":37,"column":24},"end":{"line":37,"column":32}},"locations":[{"start":{"line":37,"column":24},"end":{"line":37,"column":32}}]},"16":{"type":"branch","line":39,"loc":{"start":{"line":39,"column":2},"end":{"line":42,"column":14}},"locations":[{"start":{"line":39,"column":2},"end":{"line":42,"column":14}}]},"17":{"type":"branch","line":42,"loc":{"start":{"line":42,"column":14},"end":{"line":47,"column":1}},"locations":[{"start":{"line":42,"column":14},"end":{"line":47,"column":1}}]},"18":{"type":"branch","line":43,"loc":{"start":{"line":43,"column":46},"end":{"line":43,"column":55}},"locations":[{"start":{"line":43,"column":46},"end":{"line":43,"column":55}}]},"19":{"type":"branch","line":43,"loc":{"start":{"line":43,"column":88},"end":{"line":43,"column":95}},"locations":[{"start":{"line":43,"column":88},"end":{"line":43,"column":95}}]}},"b":{"0":[8],"1":[0],"2":[8],"3":[12],"4":[2],"5":[10],"6":[2],"7":[0],"8":[0],"9":[0],"10":[8],"11":[1],"12":[0],"13":[7],"14":[3],"15":[0],"16":[4],"17":[2],"18":[0],"19":[0]},"fnMap":{"0":{"name":"attr","decl":{"start":{"line":9,"column":0},"end":{"line":12,"column":1}},"loc":{"start":{"line":9,"column":0},"end":{"line":12,"column":1}},"line":9},"1":{"name":"stripTags","decl":{"start":{"line":14,"column":0},"end":{"line":16,"column":1}},"loc":{"start":{"line":14,"column":0},"end":{"line":16,"column":1}},"line":14},"2":{"name":"interpretHtml","decl":{"start":{"line":18,"column":7},"end":{"line":47,"column":1}},"loc":{"start":{"line":18,"column":7},"end":{"line":47,"column":1}},"line":18}},"f":{"0":8,"1":8,"2":12}}
,"E:\\Projects\\React\\skimd\\src\\markdown\\parse.ts": {"path":"E:\\Projects\\React\\skimd\\src\\markdown\\parse.ts","all":false,"statementMap":{"0":{"start":{"line":1,"column":0},"end":{"line":1,"column":49}},"1":{"start":{"line":2,"column":0},"end":{"line":2,"column":0}},"2":{"start":{"line":3,"column":0},"end":{"line":3,"column":44}},"3":{"start":{"line":4,"column":0},"end":{"line":4,"column":0}},"4":{"start":{"line":5,"column":0},"end":{"line":5,"column":51}},"5":{"start":{"line":6,"column":0},"end":{"line":6,"column":35}},"6":{"start":{"line":7,"column":0},"end":{"line":7,"column":28}},"7":{"start":{"line":8,"column":0},"end":{"line":8,"column":38}},"8":{"start":{"line":9,"column":0},"end":{"line":9,"column":28}},"9":{"start":{"line":10,"column":0},"end":{"line":10,"column":16}},"10":{"start":{"line":11,"column":0},"end":{"line":11,"column":1}},"11":{"start":{"line":12,"column":0},"end":{"line":12,"column":0}},"12":{"start":{"line":13,"column":0},"end":{"line":13,"column":36}},"13":{"start":{"line":14,"column":0},"end":{"line":14,"column":16}},"14":{"start":{"line":15,"column":0},"end":{"line":15,"column":1}}},"s":{"0":1,"1":1,"2":1,"3":1,"4":1,"5":36,"6":36,"7":34,"8":34,"9":34,"10":34,"11":1,"12":1,"13":3,"14":3},"branchMap":{"0":{"type":"branch","line":5,"loc":{"start":{"line":5,"column":7},"end":{"line":11,"column":1}},"locations":[{"start":{"line":5,"column":7},"end":{"line":11,"column":1}}]},"1":{"type":"branch","line":7,"loc":{"start":{"line":7,"column":14},"end":{"line":7,"column":28}},"locations":[{"start":{"line":7,"column":14},"end":{"line":7,"column":28}}]},"2":{"type":"branch","line":7,"loc":{"start":{"line":7,"column":21},"end":{"line":11,"column":1}},"locations":[{"start":{"line":7,"column":21},"end":{"line":11,"column":1}}]},"3":{"type":"branch","line":13,"loc":{"start":{"line":13,"column":7},"end":{"line":15,"column":1}},"locations":[{"start":{"line":13,"column":7},"end":{"line":15,"column":1}}]}},"b":{"0":[36],"1":[2],"2":[34],"3":[3]},"fnMap":{"0":{"name":"parse","decl":{"start":{"line":5,"column":7},"end":{"line":11,"column":1}},"loc":{"start":{"line":5,"column":7},"end":{"line":11,"column":1}},"line":5},"1":{"name":"clearCache","decl":{"start":{"line":13,"column":7},"end":{"line":15,"column":1}},"loc":{"start":{"line":13,"column":7},"end":{"line":15,"column":1}},"line":13}},"f":{"0":36,"1":3}}
,"E:\\Projects\\React\\skimd\\src\\markdown\\render.ts": {"path":"E:\\Projects\\React\\skimd\\src\\markdown\\render.ts","all":false,"statementMap":{"0":{"start":{"line":1,"column":0},"end":{"line":1,"column":49}},"1":{"start":{"line":2,"column":0},"end":{"line":2,"column":42}},"2":{"start":{"line":3,"column":0},"end":{"line":3,"column":34}},"3":{"start":{"line":4,"column":0},"end":{"line":4,"column":42}},"4":{"start":{"line":5,"column":0},"end":{"line":5,"column":0}},"5":{"start":{"line":6,"column":0},"end":{"line":6,"column":79}},"6":{"start":{"line":7,"column":0},"end":{"line":7,"column":0}},"7":{"start":{"line":8,"column":0},"end":{"line":8,"column":20}},"8":{"start":{"line":9,"column":0},"end":{"line":9,"column":108}},"9":{"start":{"line":10,"column":0},"end":{"line":10,"column":15}},"10":{"start":{"line":11,"column":0},"end":{"line":11,"column":24}},"11":{"start":{"line":12,"column":0},"end":{"line":12,"column":10}},"12":{"start":{"line":13,"column":0},"end":{"line":13,"column":23}},"13":{"start":{"line":14,"column":0},"end":{"line":14,"column":27}},"14":{"start":{"line":15,"column":0},"end":{"line":15,"column":25}},"15":{"start":{"line":16,"column":0},"end":{"line":16,"column":4}},"16":{"start":{"line":17,"column":0},"end":{"line":17,"column":2}},"17":{"start":{"line":18,"column":0},"end":{"line":18,"column":0}},"18":{"start":{"line":19,"column":0},"end":{"line":19,"column":65}},"19":{"start":{"line":20,"column":0},"end":{"line":20,"column":86}},"20":{"start":{"line":21,"column":0},"end":{"line":21,"column":0}},"21":{"start":{"line":22,"column":0},"end":{"line":22,"column":28}},"22":{"start":{"line":23,"column":0},"end":{"line":23,"column":16}},"23":{"start":{"line":24,"column":0},"end":{"line":24,"column":16}},"24":{"start":{"line":25,"column":0},"end":{"line":25,"column":26}},"25":{"start":{"line":26,"column":0},"end":{"line":26,"column":31}},"26":{"start":{"line":27,"column":0},"end":{"line":27,"column":2}},"27":{"start":{"line":28,"column":0},"end":{"line":28,"column":0}},"28":{"start":{"line":29,"column":0},"end":{"line":29,"column":18}},"29":{"start":{"line":30,"column":0},"end":{"line":30,"column":22}},"30":{"start":{"line":31,"column":0},"end":{"line":31,"column":16}},"31":{"start":{"line":32,"column":0},"end":{"line":32,"column":16}},"32":{"start":{"line":33,"column":0},"end":{"line":33,"column":26}},"33":{"start":{"line":34,"column":0},"end":{"line":34,"column":31}},"34":{"start":{"line":35,"column":0},"end":{"line":35,"column":24}},"35":{"start":{"line":36,"column":0},"end":{"line":36,"column":25}},"36":{"start":{"line":37,"column":0},"end":{"line":37,"column":2}},"37":{"start":{"line":38,"column":0},"end":{"line":38,"column":0}},"38":{"start":{"line":39,"column":0},"end":{"line":39,"column":70}},"39":{"start":{"line":40,"column":0},"end":{"line":40,"column":65}},"40":{"start":{"line":41,"column":0},"end":{"line":41,"column":1}},"41":{"start":{"line":42,"column":0},"end":{"line":42,"column":0}},"42":{"start":{"line":43,"column":0},"end":{"line":43,"column":65}},"43":{"start":{"line":44,"column":0},"end":{"line":44,"column":21}},"44":{"start":{"line":45,"column":0},"end":{"line":45,"column":21}},"45":{"start":{"line":46,"column":0},"end":{"line":46,"column":59}},"46":{"start":{"line":47,"column":0},"end":{"line":47,"column":19}},"47":{"start":{"line":48,"column":0},"end":{"line":48,"column":55}},"48":{"start":{"line":49,"column":0},"end":{"line":49,"column":16}},"49":{"start":{"line":50,"column":0},"end":{"line":50,"column":49}},"50":{"start":{"line":51,"column":0},"end":{"line":51,"column":16}},"51":{"start":{"line":52,"column":0},"end":{"line":52,"column":49}},"52":{"start":{"line":53,"column":0},"end":{"line":53,"column":22}},"53":{"start":{"line":54,"column":0},"end":{"line":54,"column":61}},"54":{"start":{"line":55,"column":0},"end":{"line":55,"column":14}},"55":{"start":{"line":56,"column":0},"end":{"line":56,"column":27}},"56":{"start":{"line":57,"column":0},"end":{"line":57,"column":17}},"57":{"start":{"line":58,"column":0},"end":{"line":58,"column":51}},"58":{"start":{"line":59,"column":0},"end":{"line":59,"column":16}},"59":{"start":{"line":60,"column":0},"end":{"line":60,"column":54}},"60":{"start":{"line":61,"column":0},"end":{"line":61,"column":17}},"61":{"start":{"line":62,"column":0},"end":{"line":62,"column":13}},"62":{"start":{"line":63,"column":0},"end":{"line":63,"column":3}},"63":{"start":{"line":64,"column":0},"end":{"line":64,"column":1}},"64":{"start":{"line":65,"column":0},"end":{"line":65,"column":0}},"65":{"start":{"line":66,"column":0},"end":{"line":66,"column":64}},"66":{"start":{"line":67,"column":0},"end":{"line":67,"column":63}},"67":{"start":{"line":68,"column":0},"end":{"line":68,"column":19}},"68":{"start":{"line":69,"column":0},"end":{"line":69,"column":25}},"69":{"start":{"line":70,"column":0},"end":{"line":70,"column":112}},"70":{"start":{"line":71,"column":0},"end":{"line":71,"column":19}},"71":{"start":{"line":72,"column":0},"end":{"line":72,"column":55}},"72":{"start":{"line":73,"column":0},"end":{"line":73,"column":47}},"73":{"start":{"line":74,"column":0},"end":{"line":74,"column":7}},"74":{"start":{"line":75,"column":0},"end":{"line":75,"column":13}},"75":{"start":{"line":76,"column":0},"end":{"line":76,"column":5}},"76":{"start":{"line":77,"column":0},"end":{"line":77,"column":19}},"77":{"start":{"line":78,"column":0},"end":{"line":78,"column":41}},"78":{"start":{"line":79,"column":0},"end":{"line":79,"column":70}},"79":{"start":{"line":80,"column":0},"end":{"line":80,"column":17}},"80":{"start":{"line":81,"column":0},"end":{"line":81,"column":26}},"81":{"start":{"line":82,"column":0},"end":{"line":82,"column":56}},"82":{"start":{"line":83,"column":0},"end":{"line":83,"column":39}},"83":{"start":{"line":84,"column":0},"end":{"line":84,"column":9}},"84":{"start":{"line":85,"column":0},"end":{"line":85,"column":45}},"85":{"start":{"line":86,"column":0},"end":{"line":86,"column":13}},"86":{"start":{"line":87,"column":0},"end":{"line":87,"column":5}},"87":{"start":{"line":88,"column":0},"end":{"line":88,"column":18}},"88":{"start":{"line":89,"column":0},"end":{"line":89,"column":41}},"89":{"start":{"line":90,"column":0},"end":{"line":90,"column":60}},"90":{"start":{"line":91,"column":0},"end":{"line":91,"column":17}},"91":{"start":{"line":92,"column":0},"end":{"line":92,"column":26}},"92":{"start":{"line":93,"column":0},"end":{"line":93,"column":106}},"93":{"start":{"line":94,"column":0},"end":{"line":94,"column":39}},"94":{"start":{"line":95,"column":0},"end":{"line":95,"column":9}},"95":{"start":{"line":96,"column":0},"end":{"line":96,"column":45}},"96":{"start":{"line":97,"column":0},"end":{"line":97,"column":13}},"97":{"start":{"line":98,"column":0},"end":{"line":98,"column":5}},"98":{"start":{"line":99,"column":0},"end":{"line":99,"column":16}},"99":{"start":{"line":100,"column":0},"end":{"line":100,"column":19}},"100":{"start":{"line":101,"column":0},"end":{"line":101,"column":55}},"101":{"start":{"line":102,"column":0},"end":{"line":102,"column":47}},"102":{"start":{"line":103,"column":0},"end":{"line":103,"column":7}},"103":{"start":{"line":104,"column":0},"end":{"line":104,"column":13}},"104":{"start":{"line":105,"column":0},"end":{"line":105,"column":3}},"105":{"start":{"line":106,"column":0},"end":{"line":106,"column":1}},"106":{"start":{"line":107,"column":0},"end":{"line":107,"column":0}},"107":{"start":{"line":108,"column":0},"end":{"line":108,"column":61}},"108":{"start":{"line":109,"column":0},"end":{"line":109,"column":44}},"109":{"start":{"line":110,"column":0},"end":{"line":110,"column":51}},"110":{"start":{"line":111,"column":0},"end":{"line":111,"column":0}},"111":{"start":{"line":112,"column":0},"end":{"line":112,"column":28}},"112":{"start":{"line":113,"column":0},"end":{"line":113,"column":29}},"113":{"start":{"line":114,"column":0},"end":{"line":114,"column":31}},"114":{"start":{"line":115,"column":0},"end":{"line":115,"column":90}},"115":{"start":{"line":116,"column":0},"end":{"line":116,"column":8}},"116":{"start":{"line":117,"column":0},"end":{"line":117,"column":45}},"117":{"start":{"line":118,"column":0},"end":{"line":118,"column":5}},"118":{"start":{"line":119,"column":0},"end":{"line":119,"column":11}},"119":{"start":{"line":120,"column":0},"end":{"line":120,"column":3}},"120":{"start":{"line":121,"column":0},"end":{"line":121,"column":0}},"121":{"start":{"line":122,"column":0},"end":{"line":122,"column":38}},"122":{"start":{"line":123,"column":0},"end":{"line":123,"column":61}},"123":{"start":{"line":124,"column":0},"end":{"line":124,"column":4}},"124":{"start":{"line":125,"column":0},"end":{"line":125,"column":71}},"125":{"start":{"line":126,"column":0},"end":{"line":126,"column":78}},"126":{"start":{"line":127,"column":0},"end":{"line":127,"column":43}},"127":{"start":{"line":128,"column":0},"end":{"line":128,"column":57}},"128":{"start":{"line":129,"column":0},"end":{"line":129,"column":31}},"129":{"start":{"line":130,"column":0},"end":{"line":130,"column":37}},"130":{"start":{"line":131,"column":0},"end":{"line":131,"column":58}},"131":{"start":{"line":132,"column":0},"end":{"line":132,"column":77}},"132":{"start":{"line":133,"column":0},"end":{"line":133,"column":0}},"133":{"start":{"line":134,"column":0},"end":{"line":134,"column":58}},"134":{"start":{"line":135,"column":0},"end":{"line":135,"column":87}},"135":{"start":{"line":136,"column":0},"end":{"line":136,"column":58}},"136":{"start":{"line":137,"column":0},"end":{"line":137,"column":68}},"137":{"start":{"line":138,"column":0},"end":{"line":138,"column":58}},"138":{"start":{"line":139,"column":0},"end":{"line":139,"column":41}},"139":{"start":{"line":140,"column":0},"end":{"line":140,"column":1}},"140":{"start":{"line":141,"column":0},"end":{"line":141,"column":0}},"141":{"start":{"line":142,"column":0},"end":{"line":142,"column":44}},"142":{"start":{"line":143,"column":0},"end":{"line":143,"column":34}},"143":{"start":{"line":144,"column":0},"end":{"line":144,"column":44}},"144":{"start":{"line":145,"column":0},"end":{"line":145,"column":32}},"145":{"start":{"line":146,"column":0},"end":{"line":146,"column":1}},"146":{"start":{"line":147,"column":0},"end":{"line":147,"column":0}},"147":{"start":{"line":148,"column":0},"end":{"line":148,"column":41}},"148":{"start":{"line":149,"column":0},"end":{"line":149,"column":84}},"149":{"start":{"line":150,"column":0},"end":{"line":150,"column":41}},"150":{"start":{"line":151,"column":0},"end":{"line":151,"column":1}},"151":{"start":{"line":152,"column":0},"end":{"line":152,"column":0}},"152":{"start":{"line":153,"column":0},"end":{"line":153,"column":71}},"153":{"start":{"line":154,"column":0},"end":{"line":154,"column":37}},"154":{"start":{"line":155,"column":0},"end":{"line":155,"column":72}},"155":{"start":{"line":156,"column":0},"end":{"line":156,"column":42}},"156":{"start":{"line":157,"column":0},"end":{"line":157,"column":124}},"157":{"start":{"line":158,"column":0},"end":{"line":158,"column":5}},"158":{"start":{"line":159,"column":0},"end":{"line":159,"column":3}},"159":{"start":{"line":160,"column":0},"end":{"line":160,"column":41}},"160":{"start":{"line":161,"column":0},"end":{"line":161,"column":1}},"161":{"start":{"line":162,"column":0},"end":{"line":162,"column":0}},"162":{"start":{"line":163,"column":0},"end":{"line":163,"column":70}},"163":{"start":{"line":164,"column":0},"end":{"line":164,"column":36}},"164":{"start":{"line":165,"column":0},"end":{"line":165,"column":32}},"165":{"start":{"line":166,"column":0},"end":{"line":166,"column":28}},"166":{"start":{"line":167,"column":0},"end":{"line":167,"column":68}},"167":{"start":{"line":168,"column":0},"end":{"line":168,"column":38}},"168":{"start":{"line":169,"column":0},"end":{"line":169,"column":56}},"169":{"start":{"line":170,"column":0},"end":{"line":170,"column":68}},"170":{"start":{"line":171,"column":0},"end":{"line":171,"column":44}},"171":{"start":{"line":172,"column":0},"end":{"line":172,"column":40}},"172":{"start":{"line":173,"column":0},"end":{"line":173,"column":74}},"173":{"start":{"line":174,"column":0},"end":{"line":174,"column":5}},"174":{"start":{"line":175,"column":0},"end":{"line":175,"column":5}},"175":{"start":{"line":176,"column":0},"end":{"line":176,"column":58}},"176":{"start":{"line":177,"column":0},"end":{"line":177,"column":1}},"177":{"start":{"line":178,"column":0},"end":{"line":178,"column":0}},"178":{"start":{"line":179,"column":0},"end":{"line":179,"column":59}},"179":{"start":{"line":180,"column":0},"end":{"line":180,"column":49}},"180":{"start":{"line":181,"column":0},"end":{"line":181,"column":37}},"181":{"start":{"line":182,"column":0},"end":{"line":182,"column":63}},"182":{"start":{"line":183,"column":0},"end":{"line":183,"column":61}},"183":{"start":{"line":184,"column":0},"end":{"line":184,"column":0}},"184":{"start":{"line":185,"column":0},"end":{"line":185,"column":13}},"185":{"start":{"line":186,"column":0},"end":{"line":186,"column":17}},"186":{"start":{"line":187,"column":0},"end":{"line":187,"column":55}},"187":{"start":{"line":188,"column":0},"end":{"line":188,"column":30}},"188":{"start":{"line":189,"column":0},"end":{"line":189,"column":5}},"189":{"start":{"line":190,"column":0},"end":{"line":190,"column":44}},"190":{"start":{"line":191,"column":0},"end":{"line":191,"column":65}},"191":{"start":{"line":192,"column":0},"end":{"line":192,"column":13}},"192":{"start":{"line":193,"column":0},"end":{"line":193,"column":47}},"193":{"start":{"line":194,"column":0},"end":{"line":194,"column":105}},"194":{"start":{"line":195,"column":0},"end":{"line":195,"column":3}},"195":{"start":{"line":196,"column":0},"end":{"line":196,"column":91}},"196":{"start":{"line":197,"column":0},"end":{"line":197,"column":41}},"197":{"start":{"line":198,"column":0},"end":{"line":198,"column":1}},"198":{"start":{"line":199,"column":0},"end":{"line":199,"column":0}},"199":{"start":{"line":200,"column":0},"end":{"line":200,"column":69}},"200":{"start":{"line":201,"column":0},"end":{"line":201,"column":88}},"201":{"start":{"line":202,"column":0},"end":{"line":202,"column":64}},"202":{"start":{"line":203,"column":0},"end":{"line":203,"column":84}},"203":{"start":{"line":204,"column":0},"end":{"line":204,"column":41}},"204":{"start":{"line":205,"column":0},"end":{"line":205,"column":1}},"205":{"start":{"line":206,"column":0},"end":{"line":206,"column":0}},"206":{"start":{"line":207,"column":0},"end":{"line":207,"column":106}},"207":{"start":{"line":208,"column":0},"end":{"line":208,"column":29}},"208":{"start":{"line":209,"column":0},"end":{"line":209,"column":35}},"209":{"start":{"line":210,"column":0},"end":{"line":210,"column":27}},"210":{"start":{"line":211,"column":0},"end":{"line":211,"column":36}},"211":{"start":{"line":212,"column":0},"end":{"line":212,"column":30}},"212":{"start":{"line":213,"column":0},"end":{"line":213,"column":44}},"213":{"start":{"line":214,"column":0},"end":{"line":214,"column":41}},"214":{"start":{"line":215,"column":0},"end":{"line":215,"column":40}},"215":{"start":{"line":216,"column":0},"end":{"line":216,"column":74}},"216":{"start":{"line":217,"column":0},"end":{"line":217,"column":37}},"217":{"start":{"line":218,"column":0},"end":{"line":218,"column":38}},"218":{"start":{"line":219,"column":0},"end":{"line":219,"column":41}},"219":{"start":{"line":220,"column":0},"end":{"line":220,"column":78}},"220":{"start":{"line":221,"column":0},"end":{"line":221,"column":30}},"221":{"start":{"line":222,"column":0},"end":{"line":222,"column":17}},"222":{"start":{"line":223,"column":0},"end":{"line":223,"column":108}},"223":{"start":{"line":224,"column":0},"end":{"line":224,"column":8}},"224":{"start":{"line":225,"column":0},"end":{"line":225,"column":39}},"225":{"start":{"line":226,"column":0},"end":{"line":226,"column":37}},"226":{"start":{"line":227,"column":0},"end":{"line":227,"column":76}},"227":{"start":{"line":228,"column":0},"end":{"line":228,"column":45}},"228":{"start":{"line":229,"column":0},"end":{"line":229,"column":52}},"229":{"start":{"line":230,"column":0},"end":{"line":230,"column":35}},"230":{"start":{"line":231,"column":0},"end":{"line":231,"column":33}},"231":{"start":{"line":232,"column":0},"end":{"line":232,"column":76}},"232":{"start":{"line":233,"column":0},"end":{"line":233,"column":45}},"233":{"start":{"line":234,"column":0},"end":{"line":234,"column":54}},"234":{"start":{"line":235,"column":0},"end":{"line":235,"column":12}},"235":{"start":{"line":236,"column":0},"end":{"line":236,"column":84}},"236":{"start":{"line":237,"column":0},"end":{"line":237,"column":5}},"237":{"start":{"line":238,"column":0},"end":{"line":238,"column":3}},"238":{"start":{"line":239,"column":0},"end":{"line":239,"column":47}},"239":{"start":{"line":240,"column":0},"end":{"line":240,"column":1}},"240":{"start":{"line":241,"column":0},"end":{"line":241,"column":0}},"241":{"start":{"line":242,"column":0},"end":{"line":242,"column":56}},"242":{"start":{"line":243,"column":0},"end":{"line":243,"column":104}},"243":{"start":{"line":244,"column":0},"end":{"line":244,"column":15}},"244":{"start":{"line":245,"column":0},"end":{"line":245,"column":12}},"245":{"start":{"line":246,"column":0},"end":{"line":246,"column":43}},"246":{"start":{"line":247,"column":0},"end":{"line":247,"column":14}},"247":{"start":{"line":248,"column":0},"end":{"line":248,"column":11}},"248":{"start":{"line":249,"column":0},"end":{"line":249,"column":1}},"249":{"start":{"line":250,"column":0},"end":{"line":250,"column":0}},"250":{"start":{"line":251,"column":0},"end":{"line":251,"column":65}},"251":{"start":{"line":252,"column":0},"end":{"line":252,"column":41}},"252":{"start":{"line":253,"column":0},"end":{"line":253,"column":66}},"253":{"start":{"line":254,"column":0},"end":{"line":254,"column":0}},"254":{"start":{"line":255,"column":0},"end":{"line":255,"column":22}},"255":{"start":{"line":256,"column":0},"end":{"line":256,"column":43}},"256":{"start":{"line":257,"column":0},"end":{"line":257,"column":119}},"257":{"start":{"line":258,"column":0},"end":{"line":258,"column":46}},"258":{"start":{"line":259,"column":0},"end":{"line":259,"column":122}},"259":{"start":{"line":260,"column":0},"end":{"line":260,"column":29}},"260":{"start":{"line":261,"column":0},"end":{"line":261,"column":43}},"261":{"start":{"line":262,"column":0},"end":{"line":262,"column":122}},"262":{"start":{"line":263,"column":0},"end":{"line":263,"column":46}},"263":{"start":{"line":264,"column":0},"end":{"line":264,"column":29}},"264":{"start":{"line":265,"column":0},"end":{"line":265,"column":122}},"265":{"start":{"line":266,"column":0},"end":{"line":266,"column":46}},"266":{"start":{"line":267,"column":0},"end":{"line":267,"column":10}},"267":{"start":{"line":268,"column":0},"end":{"line":268,"column":39}},"268":{"start":{"line":269,"column":0},"end":{"line":269,"column":129}},"269":{"start":{"line":270,"column":0},"end":{"line":270,"column":46}},"270":{"start":{"line":271,"column":0},"end":{"line":271,"column":3}},"271":{"start":{"line":272,"column":0},"end":{"line":272,"column":41}},"272":{"start":{"line":273,"column":0},"end":{"line":273,"column":27}},"273":{"start":{"line":274,"column":0},"end":{"line":274,"column":1}},"274":{"start":{"line":275,"column":0},"end":{"line":275,"column":0}},"275":{"start":{"line":276,"column":0},"end":{"line":276,"column":76}},"276":{"start":{"line":277,"column":0},"end":{"line":277,"column":26}},"277":{"start":{"line":278,"column":0},"end":{"line":278,"column":9}},"278":{"start":{"line":279,"column":0},"end":{"line":279,"column":14}},"279":{"start":{"line":280,"column":0},"end":{"line":280,"column":14}},"280":{"start":{"line":281,"column":0},"end":{"line":281,"column":19}},"281":{"start":{"line":282,"column":0},"end":{"line":282,"column":23}},"282":{"start":{"line":283,"column":0},"end":{"line":283,"column":20}},"283":{"start":{"line":284,"column":0},"end":{"line":284,"column":25}},"284":{"start":{"line":285,"column":0},"end":{"line":285,"column":4}},"285":{"start":{"line":286,"column":0},"end":{"line":286,"column":65}},"286":{"start":{"line":287,"column":0},"end":{"line":287,"column":98}},"287":{"start":{"line":288,"column":0},"end":{"line":288,"column":1}}},"s":{"0":1,"1":1,"2":1,"3":1,"4":1,"5":1,"6":1,"7":1,"8":1,"9":1,"10":1,"11":1,"12":1,"13":1,"14":1,"15":1,"16":1,"17":1,"18":1,"19":1,"20":1,"21":1,"22":1,"23":1,"24":1,"25":1,"26":1,"27":1,"28":1,"29":1,"30":1,"31":1,"32":1,"33":1,"34":1,"35":1,"36":1,"37":1,"38":93,"39":93,"40":93,"41":1,"42":34,"43":34,"44":34,"45":9,"46":34,"47":6,"48":34,"49":5,"50":34,"51":3,"52":34,"53":2,"54":34,"55":1,"56":34,"57":2,"58":34,"59":5,"60":34,"61":1,"62":34,"63":34,"64":1,"65":5,"66":5,"67":5,"68":5,"69":1,"70":1,"71":1,"72":1,"73":1,"74":1,"75":1,"76":5,"77":1,"78":1,"79":1,"80":1,"81":1,"82":1,"83":1,"84":1,"85":1,"86":1,"87":5,"88":1,"89":1,"90":1,"91":1,"92":1,"93":1,"94":1,"95":1,"96":1,"97":1,"98":5,"99":2,"100":1,"101":1,"102":1,"103":2,"104":5,"105":5,"106":1,"107":2,"108":2,"109":2,"110":2,"111":2,"112":1,"113":1,"114":2,"115":1,"116":1,"117":1,"118":1,"119":1,"120":1,"121":1,"122":2,"123":1,"124":1,"125":3,"126":1,"127":2,"128":4,"129":4,"130":4,"131":2,"132":1,"133":1,"134":1,"135":1,"136":1,"137":1,"138":1,"139":1,"140":1,"141":1,"142":1,"143":4,"144":4,"145":4,"146":1,"147":1,"148":1,"149":1,"150":1,"151":1,"152":2,"153":2,"154":2,"155":2,"156":3,"157":3,"158":2,"159":2,"160":2,"161":1,"162":4,"163":4,"164":4,"165":7,"166":2,"167":5,"168":7,"169":7,"170":7,"171":8,"172":8,"173":8,"174":4,"175":4,"176":4,"177":1,"178":5,"179":5,"180":5,"181":5,"182":5,"183":5,"184":5,"185":5,"186":5,"187":5,"188":5,"189":5,"190":2,"191":3,"192":5,"193":5,"194":5,"195":5,"196":5,"197":5,"198":1,"199":9,"200":9,"201":9,"202":9,"203":9,"204":9,"205":1,"206":11,"207":11,"208":11,"209":11,"210":19,"211":19,"212":12,"213":19,"214":1,"215":1,"216":7,"217":3,"218":3,"219":3,"220":3,"221":3,"222":3,"223":3,"224":3,"225":1,"226":1,"227":1,"228":1,"229":3,"230":1,"231":1,"232":1,"233":1,"234":1,"235":1,"236":1,"237":19,"238":11,"239":11,"240":1,"241":7,"242":7,"243":7,"244":7,"245":7,"246":7,"247":7,"248":7,"249":1,"250":7,"251":7,"252":7,"253":7,"254":7,"255":3,"256":3,"257":3,"258":3,"259":7,"260":1,"261":1,"262":1,"263":4,"264":2,"265":2,"266":3,"267":1,"268":1,"269":1,"270":1,"271":7,"272":7,"273":7,"274":1,"275":1,"276":31,"277":31,"278":31,"279":31,"280":31,"281":31,"282":31,"283":31,"284":31,"285":31,"286":31,"287":31},"branchMap":{"0":{"type":"branch","line":39,"loc":{"start":{"line":39,"column":0},"end":{"line":41,"column":1}},"locations":[{"start":{"line":39,"column":0},"end":{"line":41,"column":1}}]},"1":{"type":"branch","line":43,"loc":{"start":{"line":43,"column":0},"end":{"line":64,"column":1}},"locations":[{"start":{"line":43,"column":0},"end":{"line":64,"column":1}}]},"2":{"type":"branch","line":45,"loc":{"start":{"line":45,"column":4},"end":{"line":46,"column":59}},"locations":[{"start":{"line":45,"column":4},"end":{"line":46,"column":59}}]},"3":{"type":"branch","line":47,"loc":{"start":{"line":47,"column":4},"end":{"line":48,"column":55}},"locations":[{"start":{"line":47,"column":4},"end":{"line":48,"column":55}}]},"4":{"type":"branch","line":49,"loc":{"start":{"line":49,"column":4},"end":{"line":50,"column":49}},"locations":[{"start":{"line":49,"column":4},"end":{"line":50,"column":49}}]},"5":{"type":"branch","line":51,"loc":{"start":{"line":51,"column":4},"end":{"line":52,"column":49}},"locations":[{"start":{"line":51,"column":4},"end":{"line":52,"column":49}}]},"6":{"type":"branch","line":53,"loc":{"start":{"line":53,"column":4},"end":{"line":54,"column":61}},"locations":[{"start":{"line":53,"column":4},"end":{"line":54,"column":61}}]},"7":{"type":"branch","line":55,"loc":{"start":{"line":55,"column":4},"end":{"line":56,"column":27}},"locations":[{"start":{"line":55,"column":4},"end":{"line":56,"column":27}}]},"8":{"type":"branch","line":57,"loc":{"start":{"line":57,"column":4},"end":{"line":58,"column":51}},"locations":[{"start":{"line":57,"column":4},"end":{"line":58,"column":51}}]},"9":{"type":"branch","line":59,"loc":{"start":{"line":59,"column":4},"end":{"line":60,"column":54}},"locations":[{"start":{"line":59,"column":4},"end":{"line":60,"column":54}}]},"10":{"type":"branch","line":61,"loc":{"start":{"line":61,"column":4},"end":{"line":62,"column":13}},"locations":[{"start":{"line":61,"column":4},"end":{"line":62,"column":13}}]},"11":{"type":"branch","line":66,"loc":{"start":{"line":66,"column":0},"end":{"line":106,"column":1}},"locations":[{"start":{"line":66,"column":0},"end":{"line":106,"column":1}}]},"12":{"type":"branch","line":69,"loc":{"start":{"line":69,"column":4},"end":{"line":76,"column":5}},"locations":[{"start":{"line":69,"column":4},"end":{"line":76,"column":5}}]},"13":{"type":"branch","line":77,"loc":{"start":{"line":77,"column":4},"end":{"line":87,"column":5}},"locations":[{"start":{"line":77,"column":4},"end":{"line":87,"column":5}}]},"14":{"type":"branch","line":79,"loc":{"start":{"line":79,"column":38},"end":{"line":79,"column":54}},"locations":[{"start":{"line":79,"column":38},"end":{"line":79,"column":54}}]},"15":{"type":"branch","line":88,"loc":{"start":{"line":88,"column":4},"end":{"line":98,"column":5}},"locations":[{"start":{"line":88,"column":4},"end":{"line":98,"column":5}}]},"16":{"type":"branch","line":99,"loc":{"start":{"line":99,"column":4},"end":{"line":104,"column":13}},"locations":[{"start":{"line":99,"column":4},"end":{"line":104,"column":13}}]},"17":{"type":"branch","line":100,"loc":{"start":{"line":100,"column":18},"end":{"line":103,"column":7}},"locations":[{"start":{"line":100,"column":18},"end":{"line":103,"column":7}}]},"18":{"type":"branch","line":108,"loc":{"start":{"line":108,"column":0},"end":{"line":140,"column":1}},"locations":[{"start":{"line":108,"column":0},"end":{"line":140,"column":1}}]},"19":{"type":"branch","line":112,"loc":{"start":{"line":112,"column":27},"end":{"line":140,"column":1}},"locations":[{"start":{"line":112,"column":27},"end":{"line":140,"column":1}}]},"20":{"type":"branch","line":109,"loc":{"start":{"line":109,"column":31},"end":{"line":109,"column":42}},"locations":[{"start":{"line":109,"column":31},"end":{"line":109,"column":42}}]},"21":{"type":"branch","line":110,"loc":{"start":{"line":110,"column":26},"end":{"line":110,"column":49}},"locations":[{"start":{"line":110,"column":26},"end":{"line":110,"column":49}}]},"22":{"type":"branch","line":110,"loc":{"start":{"line":110,"column":37},"end":{"line":110,"column":48}},"locations":[{"start":{"line":110,"column":37},"end":{"line":110,"column":48}}]},"23":{"type":"branch","line":114,"loc":{"start":{"line":114,"column":22},"end":{"line":115,"column":90}},"locations":[{"start":{"line":114,"column":22},"end":{"line":115,"column":90}}]},"24":{"type":"branch","line":115,"loc":{"start":{"line":115,"column":78},"end":{"line":115,"column":85}},"locations":[{"start":{"line":115,"column":78},"end":{"line":115,"column":85}}]},"25":{"type":"branch","line":122,"loc":{"start":{"line":122,"column":29},"end":{"line":123,"column":61}},"locations":[{"start":{"line":122,"column":29},"end":{"line":123,"column":61}}]},"26":{"type":"branch","line":123,"loc":{"start":{"line":123,"column":35},"end":{"line":123,"column":59}},"locations":[{"start":{"line":123,"column":35},"end":{"line":123,"column":59}}]},"27":{"type":"branch","line":123,"loc":{"start":{"line":123,"column":44},"end":{"line":123,"column":53}},"locations":[{"start":{"line":123,"column":44},"end":{"line":123,"column":53}}]},"28":{"type":"branch","line":125,"loc":{"start":{"line":125,"column":15},"end":{"line":126,"column":78}},"locations":[{"start":{"line":125,"column":15},"end":{"line":126,"column":78}}]},"29":{"type":"branch","line":126,"loc":{"start":{"line":126,"column":25},"end":{"line":126,"column":48}},"locations":[{"start":{"line":126,"column":25},"end":{"line":126,"column":48}}]},"30":{"type":"branch","line":127,"loc":{"start":{"line":127,"column":15},"end":{"line":132,"column":77}},"locations":[{"start":{"line":127,"column":15},"end":{"line":132,"column":77}}]},"31":{"type":"branch","line":128,"loc":{"start":{"line":128,"column":46},"end":{"line":132,"column":5}},"locations":[{"start":{"line":128,"column":46},"end":{"line":132,"column":5}}]},"32":{"type":"branch","line":129,"loc":{"start":{"line":129,"column":24},"end":{"line":129,"column":31}},"locations":[{"start":{"line":129,"column":24},"end":{"line":129,"column":31}}]},"33":{"type":"branch","line":135,"loc":{"start":{"line":135,"column":52},"end":{"line":135,"column":81}},"locations":[{"start":{"line":135,"column":52},"end":{"line":135,"column":81}}]},"34":{"type":"branch","line":144,"loc":{"start":{"line":144,"column":0},"end":{"line":146,"column":1}},"locations":[{"start":{"line":144,"column":0},"end":{"line":146,"column":1}}]},"35":{"type":"branch","line":148,"loc":{"start":{"line":148,"column":0},"end":{"line":151,"column":1}},"locations":[{"start":{"line":148,"column":0},"end":{"line":151,"column":1}}]},"36":{"type":"branch","line":153,"loc":{"start":{"line":153,"column":0},"end":{"line":161,"column":1}},"locations":[{"start":{"line":153,"column":0},"end":{"line":161,"column":1}}]},"37":{"type":"branch","line":154,"loc":{"start":{"line":154,"column":22},"end":{"line":154,"column":36}},"locations":[{"start":{"line":154,"column":22},"end":{"line":154,"column":36}}]},"38":{"type":"branch","line":155,"loc":{"start":{"line":155,"column":61},"end":{"line":155,"column":72}},"locations":[{"start":{"line":155,"column":61},"end":{"line":155,"column":72}}]},"39":{"type":"branch","line":156,"loc":{"start":{"line":156,"column":41},"end":{"line":158,"column":5}},"locations":[{"start":{"line":156,"column":41},"end":{"line":158,"column":5}}]},"40":{"type":"branch","line":163,"loc":{"start":{"line":163,"column":0},"end":{"line":177,"column":1}},"locations":[{"start":{"line":163,"column":0},"end":{"line":177,"column":1}}]},"41":{"type":"branch","line":176,"loc":{"start":{"line":176,"column":19},"end":{"line":176,"column":58}},"locations":[{"start":{"line":176,"column":19},"end":{"line":176,"column":58}}]},"42":{"type":"branch","line":165,"loc":{"start":{"line":165,"column":18},"end":{"line":175,"column":3}},"locations":[{"start":{"line":165,"column":18},"end":{"line":175,"column":3}}]},"43":{"type":"branch","line":166,"loc":{"start":{"line":166,"column":21},"end":{"line":167,"column":68}},"locations":[{"start":{"line":166,"column":21},"end":{"line":167,"column":68}}]},"44":{"type":"branch","line":167,"loc":{"start":{"line":167,"column":32},"end":{"line":167,"column":42}},"locations":[{"start":{"line":167,"column":32},"end":{"line":167,"column":42}}]},"45":{"type":"branch","line":167,"loc":{"start":{"line":167,"column":67},"end":{"line":168,"column":38}},"locations":[{"start":{"line":167,"column":67},"end":{"line":168,"column":38}}]},"46":{"type":"branch","line":169,"loc":{"start":{"line":169,"column":23},"end":{"line":169,"column":35}},"locations":[{"start":{"line":169,"column":23},"end":{"line":169,"column":35}}]},"47":{"type":"branch","line":169,"loc":{"start":{"line":169,"column":48},"end":{"line":169,"column":56}},"locations":[{"start":{"line":169,"column":48},"end":{"line":169,"column":56}}]},"48":{"type":"branch","line":171,"loc":{"start":{"line":171,"column":29},"end":{"line":171,"column":43}},"locations":[{"start":{"line":171,"column":29},"end":{"line":171,"column":43}}]},"49":{"type":"branch","line":171,"loc":{"start":{"line":171,"column":43},"end":{"line":174,"column":5}},"locations":[{"start":{"line":171,"column":43},"end":{"line":174,"column":5}}]},"50":{"type":"branch","line":173,"loc":{"start":{"line":173,"column":29},"end":{"line":173,"column":74}},"locations":[{"start":{"line":173,"column":29},"end":{"line":173,"column":74}}]},"51":{"type":"branch","line":179,"loc":{"start":{"line":179,"column":0},"end":{"line":198,"column":1}},"locations":[{"start":{"line":179,"column":0},"end":{"line":198,"column":1}}]},"52":{"type":"branch","line":181,"loc":{"start":{"line":181,"column":18},"end":{"line":181,"column":30}},"locations":[{"start":{"line":181,"column":18},"end":{"line":181,"column":30}}]},"53":{"type":"branch","line":182,"loc":{"start":{"line":182,"column":41},"end":{"line":182,"column":50}},"locations":[{"start":{"line":182,"column":41},"end":{"line":182,"column":50}}]},"54":{"type":"branch","line":190,"loc":{"start":{"line":190,"column":40},"end":{"line":191,"column":65}},"locations":[{"start":{"line":190,"column":40},"end":{"line":191,"column":65}}]},"55":{"type":"branch","line":191,"loc":{"start":{"line":191,"column":64},"end":{"line":192,"column":13}},"locations":[{"start":{"line":191,"column":64},"end":{"line":192,"column":13}}]},"56":{"type":"branch","line":200,"loc":{"start":{"line":200,"column":0},"end":{"line":205,"column":1}},"locations":[{"start":{"line":200,"column":0},"end":{"line":205,"column":1}}]},"57":{"type":"branch","line":201,"loc":{"start":{"line":201,"column":53},"end":{"line":201,"column":86}},"locations":[{"start":{"line":201,"column":53},"end":{"line":201,"column":86}}]},"58":{"type":"branch","line":202,"loc":{"start":{"line":202,"column":27},"end":{"line":202,"column":54}},"locations":[{"start":{"line":202,"column":27},"end":{"line":202,"column":54}}]},"59":{"type":"branch","line":202,"loc":{"start":{"line":202,"column":50},"end":{"line":202,"column":64}},"locations":[{"start":{"line":202,"column":50},"end":{"line":202,"column":64}}]},"60":{"type":"branch","line":203,"loc":{"start":{"line":203,"column":12},"end":{"line":203,"column":55}},"locations":[{"start":{"line":203,"column":12},"end":{"line":203,"column":55}}]},"61":{"type":"branch","line":203,"loc":{"start":{"line":203,"column":51},"end":{"line":203,"column":82}},"locations":[{"start":{"line":203,"column":51},"end":{"line":203,"column":82}}]},"62":{"type":"branch","line":207,"loc":{"start":{"line":207,"column":0},"end":{"line":240,"column":1}},"locations":[{"start":{"line":207,"column":0},"end":{"line":240,"column":1}}]},"63":{"type":"branch","line":210,"loc":{"start":{"line":210,"column":26},"end":{"line":238,"column":3}},"locations":[{"start":{"line":210,"column":26},"end":{"line":238,"column":3}}]},"64":{"type":"branch","line":212,"loc":{"start":{"line":212,"column":29},"end":{"line":214,"column":15}},"locations":[{"start":{"line":212,"column":29},"end":{"line":214,"column":15}}]},"65":{"type":"branch","line":213,"loc":{"start":{"line":213,"column":21},"end":{"line":213,"column":40}},"locations":[{"start":{"line":213,"column":21},"end":{"line":213,"column":40}}]},"66":{"type":"branch","line":213,"loc":{"start":{"line":213,"column":33},"end":{"line":213,"column":42}},"locations":[{"start":{"line":213,"column":33},"end":{"line":213,"column":42}}]},"67":{"type":"branch","line":214,"loc":{"start":{"line":214,"column":4},"end":{"line":237,"column":5}},"locations":[{"start":{"line":214,"column":4},"end":{"line":237,"column":5}}]},"68":{"type":"branch","line":214,"loc":{"start":{"line":214,"column":40},"end":{"line":217,"column":15}},"locations":[{"start":{"line":214,"column":40},"end":{"line":217,"column":15}}]},"69":{"type":"branch","line":216,"loc":{"start":{"line":216,"column":26},"end":{"line":216,"column":38}},"locations":[{"start":{"line":216,"column":26},"end":{"line":216,"column":38}}]},"70":{"type":"branch","line":217,"loc":{"start":{"line":217,"column":4},"end":{"line":237,"column":5}},"locations":[{"start":{"line":217,"column":4},"end":{"line":237,"column":5}}]},"71":{"type":"branch","line":217,"loc":{"start":{"line":217,"column":36},"end":{"line":237,"column":5}},"locations":[{"start":{"line":217,"column":36},"end":{"line":237,"column":5}}]},"72":{"type":"branch","line":220,"loc":{"start":{"line":220,"column":41},"end":{"line":220,"column":53}},"locations":[{"start":{"line":220,"column":41},"end":{"line":220,"column":53}}]},"73":{"type":"branch","line":220,"loc":{"start":{"line":220,"column":64},"end":{"line":220,"column":75}},"locations":[{"start":{"line":220,"column":64},"end":{"line":220,"column":75}}]},"74":{"type":"branch","line":223,"loc":{"start":{"line":223,"column":22},"end":{"line":223,"column":34}},"locations":[{"start":{"line":223,"column":22},"end":{"line":223,"column":34}}]},"75":{"type":"branch","line":225,"loc":{"start":{"line":225,"column":38},"end":{"line":230,"column":15}},"locations":[{"start":{"line":225,"column":38},"end":{"line":230,"column":15}}]},"76":{"type":"branch","line":227,"loc":{"start":{"line":227,"column":41},"end":{"line":227,"column":74}},"locations":[{"start":{"line":227,"column":41},"end":{"line":227,"column":74}}]},"77":{"type":"branch","line":230,"loc":{"start":{"line":230,"column":4},"end":{"line":237,"column":5}},"locations":[{"start":{"line":230,"column":4},"end":{"line":237,"column":5}}]},"78":{"type":"branch","line":230,"loc":{"start":{"line":230,"column":34},"end":{"line":237,"column":5}},"locations":[{"start":{"line":230,"column":34},"end":{"line":237,"column":5}}]},"79":{"type":"branch","line":232,"loc":{"start":{"line":232,"column":41},"end":{"line":232,"column":74}},"locations":[{"start":{"line":232,"column":41},"end":{"line":232,"column":74}}]},"80":{"type":"branch","line":236,"loc":{"start":{"line":236,"column":41},"end":{"line":236,"column":80}},"locations":[{"start":{"line":236,"column":41},"end":{"line":236,"column":80}}]},"81":{"type":"branch","line":236,"loc":{"start":{"line":236,"column":72},"end":{"line":236,"column":82}},"locations":[{"start":{"line":236,"column":72},"end":{"line":236,"column":82}}]},"82":{"type":"branch","line":242,"loc":{"start":{"line":242,"column":0},"end":{"line":249,"column":1}},"locations":[{"start":{"line":242,"column":0},"end":{"line":249,"column":1}}]},"83":{"type":"branch","line":243,"loc":{"start":{"line":243,"column":89},"end":{"line":243,"column":104}},"locations":[{"start":{"line":243,"column":89},"end":{"line":243,"column":104}}]},"84":{"type":"branch","line":246,"loc":{"start":{"line":246,"column":22},"end":{"line":246,"column":43}},"locations":[{"start":{"line":246,"column":22},"end":{"line":246,"column":43}}]},"85":{"type":"branch","line":251,"loc":{"start":{"line":251,"column":0},"end":{"line":274,"column":1}},"locations":[{"start":{"line":251,"column":0},"end":{"line":274,"column":1}}]},"86":{"type":"branch","line":253,"loc":{"start":{"line":253,"column":44},"end":{"line":253,"column":66}},"locations":[{"start":{"line":253,"column":44},"end":{"line":253,"column":66}}]},"87":{"type":"branch","line":255,"loc":{"start":{"line":255,"column":21},"end":{"line":260,"column":13}},"locations":[{"start":{"line":255,"column":21},"end":{"line":260,"column":13}}]},"88":{"type":"branch","line":260,"loc":{"start":{"line":260,"column":2},"end":{"line":271,"column":3}},"locations":[{"start":{"line":260,"column":2},"end":{"line":271,"column":3}}]},"89":{"type":"branch","line":260,"loc":{"start":{"line":260,"column":28},"end":{"line":264,"column":13}},"locations":[{"start":{"line":260,"column":28},"end":{"line":264,"column":13}}]},"90":{"type":"branch","line":264,"loc":{"start":{"line":264,"column":2},"end":{"line":271,"column":3}},"locations":[{"start":{"line":264,"column":2},"end":{"line":271,"column":3}}]},"91":{"type":"branch","line":264,"loc":{"start":{"line":264,"column":28},"end":{"line":267,"column":9}},"locations":[{"start":{"line":264,"column":28},"end":{"line":267,"column":9}}]},"92":{"type":"branch","line":267,"loc":{"start":{"line":267,"column":2},"end":{"line":271,"column":3}},"locations":[{"start":{"line":267,"column":2},"end":{"line":271,"column":3}}]},"93":{"type":"branch","line":276,"loc":{"start":{"line":276,"column":7},"end":{"line":288,"column":1}},"locations":[{"start":{"line":276,"column":7},"end":{"line":288,"column":1}}]},"94":{"type":"branch","line":286,"loc":{"start":{"line":286,"column":25},"end":{"line":286,"column":65}},"locations":[{"start":{"line":286,"column":25},"end":{"line":286,"column":65}}]}},"b":{"0":[93],"1":[34],"2":[9],"3":[6],"4":[5],"5":[3],"6":[2],"7":[1],"8":[2],"9":[5],"10":[1],"11":[5],"12":[1],"13":[1],"14":[0],"15":[1],"16":[2],"17":[1],"18":[2],"19":[1],"20":[4],"21":[2],"22":[4],"23":[2],"24":[0],"25":[2],"26":[2],"27":[0],"28":[3],"29":[6],"30":[2],"31":[4],"32":[0],"33":[2],"34":[4],"35":[1],"36":[2],"37":[0],"38":[0],"39":[3],"40":[4],"41":[3],"42":[7],"43":[2],"44":[0],"45":[5],"46":[0],"47":[0],"48":[0],"49":[8],"50":[1],"51":[5],"52":[0],"53":[0],"54":[2],"55":[3],"56":[9],"57":[0],"58":[2],"59":[7],"60":[2],"61":[7],"62":[11],"63":[19],"64":[12],"65":[0],"66":[0],"67":[7],"68":[1],"69":[0],"70":[6],"71":[3],"72":[0],"73":[0],"74":[0],"75":[1],"76":[0],"77":[2],"78":[1],"79":[0],"80":[0],"81":[0],"82":[7],"83":[0],"84":[0],"85":[7],"86":[0],"87":[3],"88":[4],"89":[1],"90":[3],"91":[2],"92":[1],"93":[31],"94":[34]},"fnMap":{"0":{"name":"push","decl":{"start":{"line":39,"column":0},"end":{"line":41,"column":1}},"loc":{"start":{"line":39,"column":0},"end":{"line":41,"column":1}},"line":39},"1":{"name":"renderToken","decl":{"start":{"line":43,"column":0},"end":{"line":64,"column":1}},"loc":{"start":{"line":43,"column":0},"end":{"line":64,"column":1}},"line":43},"2":{"name":"renderHtmlBlock","decl":{"start":{"line":66,"column":0},"end":{"line":106,"column":1}},"loc":{"start":{"line":66,"column":0},"end":{"line":106,"column":1}},"line":66},"3":{"name":"renderTable","decl":{"start":{"line":108,"column":0},"end":{"line":140,"column":1}},"loc":{"start":{"line":108,"column":0},"end":{"line":140,"column":1}},"line":108},"4":{"name":"line","decl":{"start":{"line":125,"column":15},"end":{"line":126,"column":78}},"loc":{"start":{"line":125,"column":15},"end":{"line":126,"column":78}},"line":125},"5":{"name":"data","decl":{"start":{"line":127,"column":15},"end":{"line":132,"column":77}},"loc":{"start":{"line":127,"column":15},"end":{"line":132,"column":77}},"line":127},"6":{"name":"stripAnsiLocal","decl":{"start":{"line":144,"column":0},"end":{"line":146,"column":1}},"loc":{"start":{"line":144,"column":0},"end":{"line":146,"column":1}},"line":144},"7":{"name":"renderHr","decl":{"start":{"line":148,"column":0},"end":{"line":151,"column":1}},"loc":{"start":{"line":148,"column":0},"end":{"line":151,"column":1}},"line":148},"8":{"name":"renderBlockquote","decl":{"start":{"line":153,"column":0},"end":{"line":161,"column":1}},"loc":{"start":{"line":153,"column":0},"end":{"line":161,"column":1}},"line":153},"9":{"name":"renderList","decl":{"start":{"line":163,"column":0},"end":{"line":177,"column":1}},"loc":{"start":{"line":163,"column":0},"end":{"line":177,"column":1}},"line":163},"10":{"name":"renderCode","decl":{"start":{"line":179,"column":0},"end":{"line":198,"column":1}},"loc":{"start":{"line":179,"column":0},"end":{"line":198,"column":1}},"line":179},"11":{"name":"renderParagraph","decl":{"start":{"line":200,"column":0},"end":{"line":205,"column":1}},"loc":{"start":{"line":200,"column":0},"end":{"line":205,"column":1}},"line":200},"12":{"name":"renderInline","decl":{"start":{"line":207,"column":0},"end":{"line":240,"column":1}},"loc":{"start":{"line":207,"column":0},"end":{"line":240,"column":1}},"line":207},"13":{"name":"slug","decl":{"start":{"line":242,"column":0},"end":{"line":249,"column":1}},"loc":{"start":{"line":242,"column":0},"end":{"line":249,"column":1}},"line":242},"14":{"name":"renderHeading","decl":{"start":{"line":251,"column":0},"end":{"line":274,"column":1}},"loc":{"start":{"line":251,"column":0},"end":{"line":274,"column":1}},"line":251},"15":{"name":"render","decl":{"start":{"line":276,"column":7},"end":{"line":288,"column":1}},"loc":{"start":{"line":276,"column":7},"end":{"line":288,"column":1}},"line":276}},"f":{"0":93,"1":34,"2":5,"3":2,"4":3,"5":2,"6":4,"7":1,"8":2,"9":4,"10":5,"11":9,"12":11,"13":7,"14":7,"15":31}}
,"E:\\Projects\\React\\skimd\\src\\markdown\\toc.ts": {"path":"E:\\Projects\\React\\skimd\\src\\markdown\\toc.ts","all":false,"statementMap":{"0":{"start":{"line":1,"column":0},"end":{"line":1,"column":49}},"1":{"start":{"line":2,"column":0},"end":{"line":2,"column":0}},"2":{"start":{"line":3,"column":0},"end":{"line":3,"column":26}},"3":{"start":{"line":4,"column":0},"end":{"line":4,"column":21}},"4":{"start":{"line":5,"column":0},"end":{"line":5,"column":21}},"5":{"start":{"line":6,"column":0},"end":{"line":6,"column":16}},"6":{"start":{"line":7,"column":0},"end":{"line":7,"column":17}},"7":{"start":{"line":8,"column":0},"end":{"line":8,"column":2}},"8":{"start":{"line":9,"column":0},"end":{"line":9,"column":0}},"9":{"start":{"line":10,"column":0},"end":{"line":10,"column":23}},"10":{"start":{"line":11,"column":0},"end":{"line":11,"column":13}},"11":{"start":{"line":12,"column":0},"end":{"line":12,"column":16}},"12":{"start":{"line":13,"column":0},"end":{"line":13,"column":16}},"13":{"start":{"line":14,"column":0},"end":{"line":14,"column":22}},"14":{"start":{"line":15,"column":0},"end":{"line":15,"column":22}},"15":{"start":{"line":16,"column":0},"end":{"line":16,"column":2}},"16":{"start":{"line":17,"column":0},"end":{"line":17,"column":0}},"17":{"start":{"line":18,"column":0},"end":{"line":18,"column":59}},"18":{"start":{"line":19,"column":0},"end":{"line":19,"column":104}},"19":{"start":{"line":20,"column":0},"end":{"line":20,"column":18}},"20":{"start":{"line":21,"column":0},"end":{"line":21,"column":12}},"21":{"start":{"line":22,"column":0},"end":{"line":22,"column":49}},"22":{"start":{"line":23,"column":0},"end":{"line":23,"column":17}},"23":{"start":{"line":24,"column":0},"end":{"line":24,"column":14}},"24":{"start":{"line":25,"column":0},"end":{"line":25,"column":1}},"25":{"start":{"line":26,"column":0},"end":{"line":26,"column":0}},"26":{"start":{"line":27,"column":0},"end":{"line":27,"column":37}},"27":{"start":{"line":28,"column":0},"end":{"line":28,"column":63}},"28":{"start":{"line":29,"column":0},"end":{"line":29,"column":1}},"29":{"start":{"line":30,"column":0},"end":{"line":30,"column":0}},"30":{"start":{"line":31,"column":0},"end":{"line":31,"column":63}},"31":{"start":{"line":32,"column":0},"end":{"line":32,"column":10}},"32":{"start":{"line":33,"column":0},"end":{"line":33,"column":44}},"33":{"start":{"line":34,"column":0},"end":{"line":34,"column":44}},"34":{"start":{"line":35,"column":0},"end":{"line":35,"column":29}},"35":{"start":{"line":36,"column":0},"end":{"line":36,"column":32}},"36":{"start":{"line":37,"column":0},"end":{"line":37,"column":4}},"37":{"start":{"line":38,"column":0},"end":{"line":38,"column":1}},"38":{"start":{"line":39,"column":0},"end":{"line":39,"column":0}},"39":{"start":{"line":40,"column":0},"end":{"line":40,"column":65}},"40":{"start":{"line":41,"column":0},"end":{"line":41,"column":49}},"41":{"start":{"line":42,"column":0},"end":{"line":42,"column":49}},"42":{"start":{"line":43,"column":0},"end":{"line":43,"column":44}},"43":{"start":{"line":44,"column":0},"end":{"line":44,"column":46}},"44":{"start":{"line":45,"column":0},"end":{"line":45,"column":1}},"45":{"start":{"line":46,"column":0},"end":{"line":46,"column":0}},"46":{"start":{"line":47,"column":0},"end":{"line":47,"column":54}},"47":{"start":{"line":48,"column":0},"end":{"line":48,"column":33}},"48":{"start":{"line":49,"column":0},"end":{"line":49,"column":30}},"49":{"start":{"line":50,"column":0},"end":{"line":50,"column":30}},"50":{"start":{"line":51,"column":0},"end":{"line":51,"column":36}},"51":{"start":{"line":52,"column":0},"end":{"line":52,"column":0}},"52":{"start":{"line":53,"column":0},"end":{"line":53,"column":68}},"53":{"start":{"line":54,"column":0},"end":{"line":54,"column":22}},"54":{"start":{"line":55,"column":0},"end":{"line":55,"column":58}},"55":{"start":{"line":56,"column":0},"end":{"line":56,"column":34}},"56":{"start":{"line":57,"column":0},"end":{"line":57,"column":4}},"57":{"start":{"line":58,"column":0},"end":{"line":58,"column":0}},"58":{"start":{"line":59,"column":0},"end":{"line":59,"column":26}},"59":{"start":{"line":60,"column":0},"end":{"line":60,"column":33}},"60":{"start":{"line":61,"column":0},"end":{"line":61,"column":38}},"61":{"start":{"line":62,"column":0},"end":{"line":62,"column":40}},"62":{"start":{"line":63,"column":0},"end":{"line":63,"column":29}},"63":{"start":{"line":64,"column":0},"end":{"line":64,"column":34}},"64":{"start":{"line":65,"column":0},"end":{"line":65,"column":22}},"65":{"start":{"line":66,"column":0},"end":{"line":66,"column":23}},"66":{"start":{"line":67,"column":0},"end":{"line":67,"column":21}},"67":{"start":{"line":68,"column":0},"end":{"line":68,"column":32}},"68":{"start":{"line":69,"column":0},"end":{"line":69,"column":8}},"69":{"start":{"line":70,"column":0},"end":{"line":70,"column":80}},"70":{"start":{"line":71,"column":0},"end":{"line":71,"column":47}},"71":{"start":{"line":72,"column":0},"end":{"line":72,"column":45}},"72":{"start":{"line":73,"column":0},"end":{"line":73,"column":23}},"73":{"start":{"line":74,"column":0},"end":{"line":74,"column":12}},"74":{"start":{"line":75,"column":0},"end":{"line":75,"column":54}},"75":{"start":{"line":76,"column":0},"end":{"line":76,"column":5}},"76":{"start":{"line":77,"column":0},"end":{"line":77,"column":3}},"77":{"start":{"line":78,"column":0},"end":{"line":78,"column":36}},"78":{"start":{"line":79,"column":0},"end":{"line":79,"column":0}},"79":{"start":{"line":80,"column":0},"end":{"line":80,"column":49}},"80":{"start":{"line":81,"column":0},"end":{"line":81,"column":25}},"81":{"start":{"line":82,"column":0},"end":{"line":82,"column":64}},"82":{"start":{"line":83,"column":0},"end":{"line":83,"column":13}},"83":{"start":{"line":84,"column":0},"end":{"line":84,"column":4}},"84":{"start":{"line":85,"column":0},"end":{"line":85,"column":26}},"85":{"start":{"line":86,"column":0},"end":{"line":86,"column":26}},"86":{"start":{"line":87,"column":0},"end":{"line":87,"column":3}},"87":{"start":{"line":88,"column":0},"end":{"line":88,"column":0}},"88":{"start":{"line":89,"column":0},"end":{"line":89,"column":15}},"89":{"start":{"line":90,"column":0},"end":{"line":90,"column":1}}},"s":{"0":1,"1":1,"2":1,"3":1,"4":1,"5":1,"6":1,"7":1,"8":1,"9":1,"10":1,"11":1,"12":1,"13":1,"14":1,"15":1,"16":1,"17":8,"18":8,"19":8,"20":8,"21":8,"22":8,"23":8,"24":8,"25":1,"26":19,"27":19,"28":19,"29":1,"30":12,"31":12,"32":12,"33":12,"34":12,"35":12,"36":12,"37":12,"38":1,"39":8,"40":8,"41":4,"42":3,"43":2,"44":8,"45":1,"46":1,"47":3,"48":3,"49":3,"50":3,"51":3,"52":3,"53":11,"54":8,"55":8,"56":11,"57":3,"58":3,"59":16,"60":8,"61":8,"62":8,"63":8,"64":8,"65":8,"66":8,"67":8,"68":8,"69":8,"70":8,"71":4,"72":8,"73":8,"74":8,"75":8,"76":16,"77":3,"78":3,"79":3,"80":8,"81":8,"82":8,"83":8,"84":3,"85":4,"86":4,"87":3,"88":3,"89":3},"branchMap":{"0":{"type":"branch","line":18,"loc":{"start":{"line":18,"column":0},"end":{"line":25,"column":1}},"locations":[{"start":{"line":18,"column":0},"end":{"line":25,"column":1}}]},"1":{"type":"branch","line":19,"loc":{"start":{"line":19,"column":89},"end":{"line":19,"column":104}},"locations":[{"start":{"line":19,"column":89},"end":{"line":19,"column":104}}]},"2":{"type":"branch","line":22,"loc":{"start":{"line":22,"column":25},"end":{"line":22,"column":49}},"locations":[{"start":{"line":22,"column":25},"end":{"line":22,"column":49}}]},"3":{"type":"branch","line":27,"loc":{"start":{"line":27,"column":0},"end":{"line":29,"column":1}},"locations":[{"start":{"line":27,"column":0},"end":{"line":29,"column":1}}]},"4":{"type":"branch","line":31,"loc":{"start":{"line":31,"column":0},"end":{"line":38,"column":1}},"locations":[{"start":{"line":31,"column":0},"end":{"line":38,"column":1}}]},"5":{"type":"branch","line":40,"loc":{"start":{"line":40,"column":0},"end":{"line":45,"column":1}},"locations":[{"start":{"line":40,"column":0},"end":{"line":45,"column":1}}]},"6":{"type":"branch","line":41,"loc":{"start":{"line":41,"column":32},"end":{"line":44,"column":46}},"locations":[{"start":{"line":41,"column":32},"end":{"line":44,"column":46}}]},"7":{"type":"branch","line":42,"loc":{"start":{"line":42,"column":32},"end":{"line":42,"column":49}},"locations":[{"start":{"line":42,"column":32},"end":{"line":42,"column":49}}]},"8":{"type":"branch","line":42,"loc":{"start":{"line":42,"column":36},"end":{"line":44,"column":46}},"locations":[{"start":{"line":42,"column":36},"end":{"line":44,"column":46}}]},"9":{"type":"branch","line":43,"loc":{"start":{"line":43,"column":32},"end":{"line":43,"column":44}},"locations":[{"start":{"line":43,"column":32},"end":{"line":43,"column":44}}]},"10":{"type":"branch","line":43,"loc":{"start":{"line":43,"column":36},"end":{"line":44,"column":46}},"locations":[{"start":{"line":43,"column":36},"end":{"line":44,"column":46}}]},"11":{"type":"branch","line":44,"loc":{"start":{"line":44,"column":33},"end":{"line":44,"column":46}},"locations":[{"start":{"line":44,"column":33},"end":{"line":44,"column":46}}]},"12":{"type":"branch","line":47,"loc":{"start":{"line":47,"column":7},"end":{"line":90,"column":1}},"locations":[{"start":{"line":47,"column":7},"end":{"line":90,"column":1}}]},"13":{"type":"branch","line":59,"loc":{"start":{"line":59,"column":25},"end":{"line":77,"column":3}},"locations":[{"start":{"line":59,"column":25},"end":{"line":77,"column":3}}]},"14":{"type":"branch","line":60,"loc":{"start":{"line":60,"column":32},"end":{"line":76,"column":5}},"locations":[{"start":{"line":60,"column":32},"end":{"line":76,"column":5}}]},"15":{"type":"branch","line":70,"loc":{"start":{"line":70,"column":19},"end":{"line":70,"column":68}},"locations":[{"start":{"line":70,"column":19},"end":{"line":70,"column":68}}]},"16":{"type":"branch","line":70,"loc":{"start":{"line":70,"column":44},"end":{"line":70,"column":59}},"locations":[{"start":{"line":70,"column":44},"end":{"line":70,"column":59}}]},"17":{"type":"branch","line":70,"loc":{"start":{"line":70,"column":68},"end":{"line":70,"column":80}},"locations":[{"start":{"line":70,"column":68},"end":{"line":70,"column":80}}]},"18":{"type":"branch","line":71,"loc":{"start":{"line":71,"column":30},"end":{"line":72,"column":45}},"locations":[{"start":{"line":71,"column":30},"end":{"line":72,"column":45}}]},"19":{"type":"branch","line":85,"loc":{"start":{"line":85,"column":25},"end":{"line":87,"column":3}},"locations":[{"start":{"line":85,"column":25},"end":{"line":87,"column":3}}]},"20":{"type":"branch","line":53,"loc":{"start":{"line":53,"column":30},"end":{"line":57,"column":4}},"locations":[{"start":{"line":53,"column":30},"end":{"line":57,"column":4}}]},"21":{"type":"branch","line":54,"loc":{"start":{"line":54,"column":15},"end":{"line":54,"column":22}},"locations":[{"start":{"line":54,"column":15},"end":{"line":54,"column":22}}]},"22":{"type":"branch","line":54,"loc":{"start":{"line":54,"column":15},"end":{"line":56,"column":34}},"locations":[{"start":{"line":54,"column":15},"end":{"line":56,"column":34}}]},"23":{"type":"branch","line":80,"loc":{"start":{"line":80,"column":17},"end":{"line":84,"column":4}},"locations":[{"start":{"line":80,"column":17},"end":{"line":84,"column":4}}]},"24":{"type":"branch","line":82,"loc":{"start":{"line":82,"column":35},"end":{"line":82,"column":64}},"locations":[{"start":{"line":82,"column":35},"end":{"line":82,"column":64}}]}},"b":{"0":[8],"1":[0],"2":[1],"3":[19],"4":[12],"5":[8],"6":[4],"7":[1],"8":[3],"9":[1],"10":[2],"11":[0],"12":[3],"13":[16],"14":[8],"15":[7],"16":[0],"17":[3],"18":[4],"19":[4],"20":[11],"21":[3],"22":[8],"23":[8],"24":[4]},"fnMap":{"0":{"name":"slugify","decl":{"start":{"line":18,"column":0},"end":{"line":25,"column":1}},"loc":{"start":{"line":18,"column":0},"end":{"line":25,"column":1}},"line":18},"1":{"name":"emptySummary","decl":{"start":{"line":27,"column":0},"end":{"line":29,"column":1}},"loc":{"start":{"line":27,"column":0},"end":{"line":29,"column":1}},"line":27},"2":{"name":"addSummary","decl":{"start":{"line":31,"column":0},"end":{"line":38,"column":1}},"loc":{"start":{"line":31,"column":0},"end":{"line":38,"column":1}},"line":31},"3":{"name":"countToken","decl":{"start":{"line":40,"column":0},"end":{"line":45,"column":1}},"loc":{"start":{"line":40,"column":0},"end":{"line":45,"column":1}},"line":40},"4":{"name":"buildToc","decl":{"start":{"line":47,"column":7},"end":{"line":90,"column":1}},"loc":{"start":{"line":47,"column":7},"end":{"line":90,"column":1}},"line":47},"5":{"name":"flushLocalSummaryTo","decl":{"start":{"line":53,"column":30},"end":{"line":57,"column":4}},"loc":{"start":{"line":53,"column":30},"end":{"line":57,"column":4}},"line":53},"6":{"name":"rollup","decl":{"start":{"line":80,"column":17},"end":{"line":84,"column":4}},"loc":{"start":{"line":80,"column":17},"end":{"line":84,"column":4}},"line":80}},"f":{"0":8,"1":19,"2":12,"3":8,"4":3,"5":11,"6":8}}
}
